#! /usr/bin/vvp
:ivl_version "10.1 (stable)";
:ivl_delay_selection "TYPICAL";
:vpi_time_precision + 0;
:vpi_module "system";
:vpi_module "vhdl_sys";
:vpi_module "v2005_math";
:vpi_module "va_math";
S_0x563fe9279460 .scope module, "tb_alu" "tb_alu" 2 4;
 .timescale 0 0;
v0x563fe9299dc0_0 .var "ip", 7 0;
v0x563fe9299e80_0 .net "op", 2 0, v0x563fe9299c80_0;  1 drivers
v0x563fe9299f20_0 .net "y", 0 0, v0x563fe9299700_0;  1 drivers
L_0x563fe929a050 .part v0x563fe9299c80_0, 2, 1;
L_0x563fe929a170 .part v0x563fe9299c80_0, 1, 1;
L_0x563fe929a210 .part v0x563fe9299c80_0, 0, 1;
S_0x563fe92795e0 .scope module, "alu" "alu_impl" 2 10, 3 1 0, S_0x563fe9279460;
 .timescale 0 0;
    .port_info 0 /OUTPUT 1 "y"
    .port_info 1 /INPUT 1 "a"
    .port_info 2 /INPUT 1 "b"
    .port_info 3 /INPUT 1 "x"
v0x563fe9279760_0 .net "a", 0 0, L_0x563fe929a050;  1 drivers
v0x563fe92995a0_0 .net "b", 0 0, L_0x563fe929a170;  1 drivers
v0x563fe9299660_0 .net "x", 0 0, L_0x563fe929a210;  1 drivers
v0x563fe9299700_0 .var "y", 0 0;
E_0x563fe9236ac0 .event edge, v0x563fe9299660_0, v0x563fe92995a0_0, v0x563fe9279760_0;
S_0x563fe9299840 .scope module, "enc" "enc_impl" 2 9, 4 1 0, S_0x563fe9279460;
 .timescale 0 0;
    .port_info 0 /OUTPUT 3 "op"
    .port_info 1 /INPUT 8 "ip"
    .port_info 2 /INPUT 1 "en"
L_0x7f44e5346018 .functor BUFT 1, C4<1>, C4<0>, C4<0>, C4<0>;
v0x563fe9299ac0_0 .net "en", 0 0, L_0x7f44e5346018;  1 drivers
v0x563fe9299ba0_0 .net "ip", 7 0, v0x563fe9299dc0_0;  1 drivers
v0x563fe9299c80_0 .var "op", 2 0;
E_0x563fe926e1d0 .event edge, v0x563fe9299ac0_0, v0x563fe9299ba0_0;
    .scope S_0x563fe9299840;
T_0 ;
    %wait E_0x563fe926e1d0;
    %load/vec4 v0x563fe9299ac0_0;
    %flag_set/vec4 8;
    %jmp/0xz  T_0.0, 8;
    %load/vec4 v0x563fe9299ba0_0;
    %dup/vec4;
    %pushi/vec4 1, 0, 8;
    %cmp/u;
    %jmp/1 T_0.2, 6;
    %dup/vec4;
    %pushi/vec4 2, 0, 8;
    %cmp/u;
    %jmp/1 T_0.3, 6;
    %dup/vec4;
    %pushi/vec4 4, 0, 8;
    %cmp/u;
    %jmp/1 T_0.4, 6;
    %dup/vec4;
    %pushi/vec4 8, 0, 8;
    %cmp/u;
    %jmp/1 T_0.5, 6;
    %dup/vec4;
    %pushi/vec4 16, 0, 8;
    %cmp/u;
    %jmp/1 T_0.6, 6;
    %dup/vec4;
    %pushi/vec4 32, 0, 8;
    %cmp/u;
    %jmp/1 T_0.7, 6;
    %dup/vec4;
    %pushi/vec4 64, 0, 8;
    %cmp/u;
    %jmp/1 T_0.8, 6;
    %dup/vec4;
    %pushi/vec4 128, 0, 8;
    %cmp/u;
    %jmp/1 T_0.9, 6;
    %jmp T_0.10;
T_0.2 ;
    %pushi/vec4 0, 0, 3;
    %store/vec4 v0x563fe9299c80_0, 0, 3;
    %jmp T_0.10;
T_0.3 ;
    %pushi/vec4 1, 0, 3;
    %store/vec4 v0x563fe9299c80_0, 0, 3;
    %jmp T_0.10;
T_0.4 ;
    %pushi/vec4 2, 0, 3;
    %store/vec4 v0x563fe9299c80_0, 0, 3;
    %jmp T_0.10;
T_0.5 ;
    %pushi/vec4 3, 0, 3;
    %store/vec4 v0x563fe9299c80_0, 0, 3;
    %jmp T_0.10;
T_0.6 ;
    %pushi/vec4 4, 0, 3;
    %store/vec4 v0x563fe9299c80_0, 0, 3;
    %jmp T_0.10;
T_0.7 ;
    %pushi/vec4 5, 0, 3;
    %store/vec4 v0x563fe9299c80_0, 0, 3;
    %jmp T_0.10;
T_0.8 ;
    %pushi/vec4 6, 0, 3;
    %store/vec4 v0x563fe9299c80_0, 0, 3;
    %jmp T_0.10;
T_0.9 ;
    %pushi/vec4 7, 0, 3;
    %store/vec4 v0x563fe9299c80_0, 0, 3;
    %jmp T_0.10;
T_0.10 ;
    %pop/vec4 1;
T_0.0 ;
    %jmp T_0;
    .thread T_0, $push;
    .scope S_0x563fe92795e0;
T_1 ;
    %wait E_0x563fe9236ac0;
    %load/vec4 v0x563fe9279760_0;
    %load/vec4 v0x563fe92995a0_0;
    %concat/vec4; draw_concat_vec4
    %load/vec4 v0x563fe9299660_0;
    %concat/vec4; draw_concat_vec4
    %dup/vec4;
    %pushi/vec4 0, 0, 3;
    %cmp/u;
    %jmp/1 T_1.0, 6;
    %dup/vec4;
    %pushi/vec4 1, 0, 3;
    %cmp/u;
    %jmp/1 T_1.1, 6;
    %dup/vec4;
    %pushi/vec4 2, 0, 3;
    %cmp/u;
    %jmp/1 T_1.2, 6;
    %dup/vec4;
    %pushi/vec4 3, 0, 3;
    %cmp/u;
    %jmp/1 T_1.3, 6;
    %dup/vec4;
    %pushi/vec4 4, 0, 3;
    %cmp/u;
    %jmp/1 T_1.4, 6;
    %dup/vec4;
    %pushi/vec4 5, 0, 3;
    %cmp/u;
    %jmp/1 T_1.5, 6;
    %dup/vec4;
    %pushi/vec4 6, 0, 3;
    %cmp/u;
    %jmp/1 T_1.6, 6;
    %dup/vec4;
    %pushi/vec4 7, 0, 3;
    %cmp/u;
    %jmp/1 T_1.7, 6;
    %jmp T_1.8;
T_1.0 ;
    %load/vec4 v0x563fe9279760_0;
    %load/vec4 v0x563fe92995a0_0;
    %add;
    %store/vec4 v0x563fe9299700_0, 0, 1;
    %jmp T_1.8;
T_1.1 ;
    %load/vec4 v0x563fe9279760_0;
    %load/vec4 v0x563fe92995a0_0;
    %sub;
    %store/vec4 v0x563fe9299700_0, 0, 1;
    %jmp T_1.8;
T_1.2 ;
    %load/vec4 v0x563fe9279760_0;
    %load/vec4 v0x563fe92995a0_0;
    %and;
    %store/vec4 v0x563fe9299700_0, 0, 1;
    %jmp T_1.8;
T_1.3 ;
    %load/vec4 v0x563fe9279760_0;
    %load/vec4 v0x563fe92995a0_0;
    %or;
    %store/vec4 v0x563fe9299700_0, 0, 1;
    %jmp T_1.8;
T_1.4 ;
    %load/vec4 v0x563fe9279760_0;
    %load/vec4 v0x563fe92995a0_0;
    %xor;
    %store/vec4 v0x563fe9299700_0, 0, 1;
    %jmp T_1.8;
T_1.5 ;
    %load/vec4 v0x563fe9279760_0;
    %load/vec4 v0x563fe92995a0_0;
    %and;
    %inv;
    %store/vec4 v0x563fe9299700_0, 0, 1;
    %jmp T_1.8;
T_1.6 ;
    %load/vec4 v0x563fe9279760_0;
    %load/vec4 v0x563fe92995a0_0;
    %or;
    %inv;
    %store/vec4 v0x563fe9299700_0, 0, 1;
    %jmp T_1.8;
T_1.7 ;
    %load/vec4 v0x563fe9279760_0;
    %load/vec4 v0x563fe92995a0_0;
    %xor;
    %inv;
    %store/vec4 v0x563fe9299700_0, 0, 1;
    %jmp T_1.8;
T_1.8 ;
    %pop/vec4 1;
    %jmp T_1;
    .thread T_1, $push;
    .scope S_0x563fe9279460;
T_2 ;
    %pushi/vec4 1, 0, 8;
    %store/vec4 v0x563fe9299dc0_0, 0, 8;
    %vpi_call 2 14 "$monitor", "a=%b b=%b x=%b | y=%b", &PV<v0x563fe9299e80_0, 2, 1>, &PV<v0x563fe9299e80_0, 1, 1>, &PV<v0x563fe9299e80_0, 0, 1>, v0x563fe9299f20_0 {0 0 0};
    %delay 7, 0;
    %vpi_call 2 16 "$finish" {0 0 0};
    %end;
    .thread T_2;
    .scope S_0x563fe9279460;
T_3 ;
    %delay 1, 0;
    %load/vec4 v0x563fe9299dc0_0;
    %ix/load 4, 1, 0;
    %flag_set/imm 4, 0;
    %shiftl 4;
    %store/vec4 v0x563fe9299dc0_0, 0, 8;
    %jmp T_3;
    .thread T_3;
# The file index is used to find the file name in the following table.
:file_names 5;
    "N/A";
    "<interactive>";
    "tb_alu.v";
    "./alu_impl.v";
    "./enc_impl.v";
