#! /usr/bin/vvp
:ivl_version "10.3 (stable)" "(v10_3)";
:ivl_delay_selection "TYPICAL";
:vpi_time_precision + 0;
:vpi_module "system";
:vpi_module "vhdl_sys";
:vpi_module "v2005_math";
:vpi_module "va_math";
S_0x556c4285bd90 .scope module, "tb_instr_mem" "tb_instr_mem" 2 32;
 .timescale 0 0;
v0x556c4286e8e0_0 .var "clk", 0 0;
v0x556c4286e980_0 .var "in_addr", 31 0;
v0x556c4286ea50_0 .net "out_data", 31 0, v0x556c4286e6a0_0;  1 drivers
S_0x556c4285bf10 .scope module, "i0" "instr_mem" 2 37, 2 1 0, S_0x556c4285bd90;
 .timescale 0 0;
    .port_info 0 /OUTPUT 32 "out_data"
    .port_info 1 /INPUT 32 "in_addr"
    .port_info 2 /INPUT 1 "clk"
v0x556c428230c0_0 .net "clk", 0 0, v0x556c4286e8e0_0;  1 drivers
v0x556c4286e310_0 .var/i "count", 31 0;
v0x556c4286e3f0_0 .net "in_addr", 31 0, v0x556c4286e980_0;  1 drivers
v0x556c4286e4b0 .array "instr", 0 31, 31 0;
v0x556c4286e570_0 .var/i "instrfile", 31 0;
v0x556c4286e6a0_0 .var "out_data", 31 0;
v0x556c4286e780_0 .var/i "scaninstr", 31 0;
E_0x556c42858600 .event posedge, v0x556c428230c0_0;
    .scope S_0x556c4285bf10;
T_0 ;
    %pushi/vec4 0, 0, 32;
    %store/vec4 v0x556c4286e310_0, 0, 32;
    %vpi_func 2 13 "$fopen" 32, "./instrfile", "r" {0 0 0};
    %store/vec4 v0x556c4286e570_0, 0, 32;
    %load/vec4 v0x556c4286e570_0;
    %cmpi/e 0, 0, 32;
    %jmp/0xz  T_0.0, 4;
    %vpi_call 2 16 "$display", "instruction file not found." {0 0 0};
    %vpi_call 2 17 "$finish" {0 0 0};
    %jmp T_0.1;
T_0.0 ;
T_0.2 ;
    %vpi_func 2 19 "$feof" 32, v0x556c4286e570_0 {0 0 0};
    %nor/r;
    %load/vec4 v0x556c4286e310_0;
    %cmpi/s 32, 0, 32;
    %flag_get/vec4 5;
    %and;
    %flag_set/vec4 8;
    %jmp/0xz T_0.3, 8;
    %vpi_func 2 20 "$fscanf" 32, v0x556c4286e570_0, "%d\012", &A<v0x556c4286e4b0, v0x556c4286e310_0 > {0 0 0};
    %store/vec4 v0x556c4286e780_0, 0, 32;
    %load/vec4 v0x556c4286e310_0;
    %pushi/vec4 1, 0, 32;
    %add;
    %store/vec4 v0x556c4286e310_0, 0, 32;
    %jmp T_0.2;
T_0.3 ;
    %vpi_call 2 23 "$fclose", v0x556c4286e570_0 {0 0 0};
T_0.1 ;
    %end;
    .thread T_0;
    .scope S_0x556c4285bf10;
T_1 ;
    %wait E_0x556c42858600;
    %ix/getv 4, v0x556c4286e3f0_0;
    %load/vec4a v0x556c4286e4b0, 4;
    %store/vec4 v0x556c4286e6a0_0, 0, 32;
    %jmp T_1;
    .thread T_1;
    .scope S_0x556c4285bd90;
T_2 ;
    %pushi/vec4 0, 0, 1;
    %store/vec4 v0x556c4286e8e0_0, 0, 1;
    %pushi/vec4 0, 0, 32;
    %store/vec4 v0x556c4286e980_0, 0, 32;
    %vpi_call 2 43 "$monitor", "(:out %d :in %d)", v0x556c4286ea50_0, v0x556c4286e980_0 {0 0 0};
    %delay 32, 0;
    %vpi_call 2 44 "$finish" {0 0 0};
    %end;
    .thread T_2;
    .scope S_0x556c4285bd90;
T_3 ;
    %delay 1, 0;
    %load/vec4 v0x556c4286e8e0_0;
    %inv;
    %store/vec4 v0x556c4286e8e0_0, 0, 1;
    %jmp T_3;
    .thread T_3;
    .scope S_0x556c4285bd90;
T_4 ;
    %delay 2, 0;
    %load/vec4 v0x556c4286e980_0;
    %addi 1, 0, 32;
    %store/vec4 v0x556c4286e980_0, 0, 32;
    %jmp T_4;
    .thread T_4;
# The file index is used to find the file name in the following table.
:file_names 3;
    "N/A";
    "<interactive>";
    "instr_mem.v";
