#! /usr/bin/vvp
:ivl_version "10.3 (stable)" "(v10_3)";
:ivl_delay_selection "TYPICAL";
:vpi_time_precision + 0;
:vpi_module "system";
:vpi_module "vhdl_sys";
:vpi_module "v2005_math";
:vpi_module "va_math";
S_0x55b48f38c0b0 .scope module, "tb_decode" "tb_decode" 2 56;
 .timescale 0 0;
v0x55b48f3c4580_0 .var "clk1", 0 0;
v0x55b48f3c4640_0 .var "clk2", 0 0;
v0x55b48f3c4710_0 .net "counter", 31 0, v0x55b48f3c3aa0_0;  1 drivers
v0x55b48f3c4810_0 .net "instr", 31 0, v0x55b48f3c3b80_0;  1 drivers
v0x55b48f3c4900_0 .net "read_reg_1", 31 0, v0x55b48f3c4140_0;  1 drivers
v0x55b48f3c49f0_0 .net "read_reg_2", 31 0, v0x55b48f3c4210_0;  1 drivers
v0x55b48f3c4a90_0 .net "write_dest", 4 0, v0x55b48f3c4400_0;  1 drivers
S_0x55b48f38bf30 .scope module, "m0" "fetch" 2 65, 3 1 0, S_0x55b48f38c0b0;
 .timescale 0 0;
    .port_info 0 /OUTPUT 32 "instr"
    .port_info 1 /OUTPUT 32 "counter"
    .port_info 2 /INPUT 1 "clk"
v0x55b48f391bc0_0 .net "clk", 0 0, v0x55b48f3c4580_0;  1 drivers
v0x55b48f3c3aa0_0 .var "counter", 31 0;
v0x55b48f3c3b80_0 .var "instr", 31 0;
v0x55b48f3c3c40 .array "instr_mem", 0 31, 31 0;
E_0x55b48f39cf70 .event posedge, v0x55b48f391bc0_0;
S_0x55b48f3c3d80 .scope module, "m1" "decode" 2 66, 2 3 0, S_0x55b48f38c0b0;
 .timescale 0 0;
    .port_info 0 /OUTPUT 5 "write_dest"
    .port_info 1 /OUTPUT 32 "read_reg_1"
    .port_info 2 /OUTPUT 32 "read_reg_2"
    .port_info 3 /INPUT 32 "instr"
    .port_info 4 /INPUT 1 "clk"
v0x55b48f3c3f70_0 .net "clk", 0 0, v0x55b48f3c4640_0;  1 drivers
v0x55b48f3c4050_0 .net "instr", 31 0, v0x55b48f3c3b80_0;  alias, 1 drivers
v0x55b48f3c4140_0 .var "read_reg_1", 31 0;
v0x55b48f3c4210_0 .var "read_reg_2", 31 0;
v0x55b48f3c42f0 .array "regfile", 0 31, 31 0;
v0x55b48f3c4400_0 .var "write_dest", 4 0;
E_0x55b48f39d9a0 .event posedge, v0x55b48f3c3f70_0;
    .scope S_0x55b48f38bf30;
T_0 ;
    %pushi/vec4 5064736, 0, 32;
    %ix/load 4, 0, 0;
    %flag_set/imm 4, 0;
    %store/vec4a v0x55b48f3c3c40, 4, 0;
    %pushi/vec4 6907936, 0, 32;
    %ix/load 4, 1, 0;
    %flag_set/imm 4, 0;
    %store/vec4a v0x55b48f3c3c40, 4, 0;
    %pushi/vec4 21825568, 0, 32;
    %ix/load 4, 2, 0;
    %flag_set/imm 4, 0;
    %store/vec4a v0x55b48f3c3c40, 4, 0;
    %pushi/vec4 21088288, 0, 32;
    %ix/load 4, 3, 0;
    %flag_set/imm 4, 0;
    %store/vec4a v0x55b48f3c3c40, 4, 0;
    %pushi/vec4 874528, 0, 32;
    %ix/load 4, 4, 0;
    %flag_set/imm 4, 0;
    %store/vec4a v0x55b48f3c3c40, 4, 0;
    %pushi/vec4 22366240, 0, 32;
    %ix/load 4, 5, 0;
    %flag_set/imm 4, 0;
    %store/vec4a v0x55b48f3c3c40, 4, 0;
    %pushi/vec4 5310496, 0, 32;
    %ix/load 4, 6, 0;
    %flag_set/imm 4, 0;
    %store/vec4a v0x55b48f3c3c40, 4, 0;
    %pushi/vec4 34635808, 0, 32;
    %ix/load 4, 7, 0;
    %flag_set/imm 4, 0;
    %store/vec4a v0x55b48f3c3c40, 4, 0;
    %pushi/vec4 7888928, 0, 32;
    %ix/load 4, 8, 0;
    %flag_set/imm 4, 0;
    %store/vec4a v0x55b48f3c3c40, 4, 0;
    %pushi/vec4 65828896, 0, 32;
    %ix/load 4, 9, 0;
    %flag_set/imm 4, 0;
    %store/vec4a v0x55b48f3c3c40, 4, 0;
    %pushi/vec4 0, 0, 32;
    %store/vec4 v0x55b48f3c3aa0_0, 0, 32;
    %ix/getv 4, v0x55b48f3c3aa0_0;
    %load/vec4a v0x55b48f3c3c40, 4;
    %store/vec4 v0x55b48f3c3b80_0, 0, 32;
    %end;
    .thread T_0;
    .scope S_0x55b48f38bf30;
T_1 ;
    %wait E_0x55b48f39cf70;
    %vpi_call 3 23 "$display", "(:instr-fetch (:counter %d :instr %d))", v0x55b48f3c3aa0_0, v0x55b48f3c3b80_0 {0 0 0};
    %load/vec4 v0x55b48f3c3aa0_0;
    %cmpi/u 9, 0, 32;
    %jmp/0xz  T_1.0, 5;
    %load/vec4 v0x55b48f3c3aa0_0;
    %addi 1, 0, 32;
    %store/vec4 v0x55b48f3c3aa0_0, 0, 32;
    %jmp T_1.1;
T_1.0 ;
    %pushi/vec4 0, 0, 32;
    %store/vec4 v0x55b48f3c3aa0_0, 0, 32;
T_1.1 ;
    %ix/getv 4, v0x55b48f3c3aa0_0;
    %load/vec4a v0x55b48f3c3c40, 4;
    %store/vec4 v0x55b48f3c3b80_0, 0, 32;
    %jmp T_1;
    .thread T_1;
    .scope S_0x55b48f3c3d80;
T_2 ;
    %pushi/vec4 1189771230, 0, 32;
    %ix/load 4, 0, 0;
    %flag_set/imm 4, 0;
    %store/vec4a v0x55b48f3c42f0, 4, 0;
    %pushi/vec4 1572178636, 0, 32;
    %ix/load 4, 1, 0;
    %flag_set/imm 4, 0;
    %store/vec4a v0x55b48f3c42f0, 4, 0;
    %pushi/vec4 605147281, 0, 32;
    %ix/load 4, 2, 0;
    %flag_set/imm 4, 0;
    %store/vec4a v0x55b48f3c42f0, 4, 0;
    %pushi/vec4 2067590741, 0, 32;
    %ix/load 4, 3, 0;
    %flag_set/imm 4, 0;
    %store/vec4a v0x55b48f3c42f0, 4, 0;
    %pushi/vec4 2939414176, 0, 32;
    %ix/load 4, 4, 0;
    %flag_set/imm 4, 0;
    %store/vec4a v0x55b48f3c42f0, 4, 0;
    %pushi/vec4 2747835363, 0, 32;
    %ix/load 4, 5, 0;
    %flag_set/imm 4, 0;
    %store/vec4a v0x55b48f3c42f0, 4, 0;
    %pushi/vec4 410910211, 0, 32;
    %ix/load 4, 6, 0;
    %flag_set/imm 4, 0;
    %store/vec4a v0x55b48f3c42f0, 4, 0;
    %pushi/vec4 1711546939, 0, 32;
    %ix/load 4, 7, 0;
    %flag_set/imm 4, 0;
    %store/vec4a v0x55b48f3c42f0, 4, 0;
    %pushi/vec4 2479961200, 0, 32;
    %ix/load 4, 8, 0;
    %flag_set/imm 4, 0;
    %store/vec4a v0x55b48f3c42f0, 4, 0;
    %pushi/vec4 1567840489, 0, 32;
    %ix/load 4, 9, 0;
    %flag_set/imm 4, 0;
    %store/vec4a v0x55b48f3c42f0, 4, 0;
    %pushi/vec4 3546887786, 0, 32;
    %ix/load 4, 10, 0;
    %flag_set/imm 4, 0;
    %store/vec4a v0x55b48f3c42f0, 4, 0;
    %pushi/vec4 1236249915, 0, 32;
    %ix/load 4, 11, 0;
    %flag_set/imm 4, 0;
    %store/vec4a v0x55b48f3c42f0, 4, 0;
    %pushi/vec4 1347551467, 0, 32;
    %ix/load 4, 12, 0;
    %flag_set/imm 4, 0;
    %store/vec4a v0x55b48f3c42f0, 4, 0;
    %pushi/vec4 3892725829, 0, 32;
    %ix/load 4, 13, 0;
    %flag_set/imm 4, 0;
    %store/vec4a v0x55b48f3c42f0, 4, 0;
    %pushi/vec4 1085807714, 0, 32;
    %ix/load 4, 14, 0;
    %flag_set/imm 4, 0;
    %store/vec4a v0x55b48f3c42f0, 4, 0;
    %pushi/vec4 383659298, 0, 32;
    %ix/load 4, 15, 0;
    %flag_set/imm 4, 0;
    %store/vec4a v0x55b48f3c42f0, 4, 0;
    %pushi/vec4 4088527866, 0, 32;
    %ix/load 4, 16, 0;
    %flag_set/imm 4, 0;
    %store/vec4a v0x55b48f3c42f0, 4, 0;
    %pushi/vec4 3344594434, 0, 32;
    %ix/load 4, 17, 0;
    %flag_set/imm 4, 0;
    %store/vec4a v0x55b48f3c42f0, 4, 0;
    %pushi/vec4 2277236033, 0, 32;
    %ix/load 4, 18, 0;
    %flag_set/imm 4, 0;
    %store/vec4a v0x55b48f3c42f0, 4, 0;
    %pushi/vec4 2756597127, 0, 32;
    %ix/load 4, 19, 0;
    %flag_set/imm 4, 0;
    %store/vec4a v0x55b48f3c42f0, 4, 0;
    %pushi/vec4 2020032765, 0, 32;
    %ix/load 4, 20, 0;
    %flag_set/imm 4, 0;
    %store/vec4a v0x55b48f3c42f0, 4, 0;
    %pushi/vec4 18232820, 0, 32;
    %ix/load 4, 21, 0;
    %flag_set/imm 4, 0;
    %store/vec4a v0x55b48f3c42f0, 4, 0;
    %pushi/vec4 2944909282, 0, 32;
    %ix/load 4, 22, 0;
    %flag_set/imm 4, 0;
    %store/vec4a v0x55b48f3c42f0, 4, 0;
    %pushi/vec4 2656977147, 0, 32;
    %ix/load 4, 23, 0;
    %flag_set/imm 4, 0;
    %store/vec4a v0x55b48f3c42f0, 4, 0;
    %pushi/vec4 3539571200, 0, 32;
    %ix/load 4, 24, 0;
    %flag_set/imm 4, 0;
    %store/vec4a v0x55b48f3c42f0, 4, 0;
    %pushi/vec4 237725196, 0, 32;
    %ix/load 4, 25, 0;
    %flag_set/imm 4, 0;
    %store/vec4a v0x55b48f3c42f0, 4, 0;
    %pushi/vec4 1967314824, 0, 32;
    %ix/load 4, 26, 0;
    %flag_set/imm 4, 0;
    %store/vec4a v0x55b48f3c42f0, 4, 0;
    %pushi/vec4 4182324619, 0, 32;
    %ix/load 4, 27, 0;
    %flag_set/imm 4, 0;
    %store/vec4a v0x55b48f3c42f0, 4, 0;
    %pushi/vec4 1872163831, 0, 32;
    %ix/load 4, 28, 0;
    %flag_set/imm 4, 0;
    %store/vec4a v0x55b48f3c42f0, 4, 0;
    %pushi/vec4 3926678055, 0, 32;
    %ix/load 4, 29, 0;
    %flag_set/imm 4, 0;
    %store/vec4a v0x55b48f3c42f0, 4, 0;
    %pushi/vec4 3998714282, 0, 32;
    %ix/load 4, 30, 0;
    %flag_set/imm 4, 0;
    %store/vec4a v0x55b48f3c42f0, 4, 0;
    %pushi/vec4 1169882346, 0, 32;
    %ix/load 4, 31, 0;
    %flag_set/imm 4, 0;
    %store/vec4a v0x55b48f3c42f0, 4, 0;
    %end;
    .thread T_2;
    .scope S_0x55b48f3c3d80;
T_3 ;
    %wait E_0x55b48f39d9a0;
    %vpi_call 2 47 "$display", "(:instr-decode (:opcode %d :rs %d :rt %d :rd %d :funct %d))", &PV<v0x55b48f3c4050_0, 26, 6>, &PV<v0x55b48f3c4050_0, 21, 5>, &PV<v0x55b48f3c4050_0, 16, 5>, &PV<v0x55b48f3c4050_0, 11, 5>, &PV<v0x55b48f3c4050_0, 0, 6> {0 0 0};
    %load/vec4 v0x55b48f3c4050_0;
    %parti/s 5, 21, 6;
    %pad/u 7;
    %ix/vec4 4;
    %load/vec4a v0x55b48f3c42f0, 4;
    %store/vec4 v0x55b48f3c4140_0, 0, 32;
    %load/vec4 v0x55b48f3c4050_0;
    %parti/s 5, 16, 6;
    %pad/u 7;
    %ix/vec4 4;
    %load/vec4a v0x55b48f3c42f0, 4;
    %store/vec4 v0x55b48f3c4210_0, 0, 32;
    %load/vec4 v0x55b48f3c4050_0;
    %parti/s 5, 11, 5;
    %store/vec4 v0x55b48f3c4400_0, 0, 5;
    %jmp T_3;
    .thread T_3;
    .scope S_0x55b48f38c0b0;
T_4 ;
    %pushi/vec4 0, 0, 1;
    %store/vec4 v0x55b48f3c4580_0, 0, 1;
    %pushi/vec4 0, 0, 1;
    %store/vec4 v0x55b48f3c4640_0, 0, 1;
    %delay 32, 0;
    %vpi_call 2 71 "$finish" {0 0 0};
    %end;
    .thread T_4;
    .scope S_0x55b48f38c0b0;
T_5 ;
    %delay 1, 0;
    %load/vec4 v0x55b48f3c4580_0;
    %inv;
    %store/vec4 v0x55b48f3c4580_0, 0, 1;
    %load/vec4 v0x55b48f3c4640_0;
    %inv;
    %store/vec4 v0x55b48f3c4640_0, 0, 1;
    %jmp T_5;
    .thread T_5;
    .scope S_0x55b48f38c0b0;
T_6 ;
    %delay 2, 0;
    %vpi_call 2 79 "$strobe", "(:write-dest %d :read-reg-1 %d :read-reg-2 %d)\012", v0x55b48f3c4a90_0, v0x55b48f3c4900_0, v0x55b48f3c49f0_0 {0 0 0};
    %jmp T_6;
    .thread T_6;
# The file index is used to find the file name in the following table.
:file_names 4;
    "N/A";
    "<interactive>";
    "pa_decode.v";
    "./pa_fetch.v";
