#! /usr/bin/vvp
:ivl_version "10.3 (stable)" "(v10_3)";
:ivl_delay_selection "TYPICAL";
:vpi_time_precision + 0;
:vpi_module "system";
:vpi_module "vhdl_sys";
:vpi_module "v2005_math";
:vpi_module "va_math";
S_0x55b462c086b0 .scope module, "tb_instr_cat" "tb_instr_cat" 2 21;
 .timescale 0 0;
v0x55b462c1c860_0 .var "instr", 31 0;
v0x55b462c1c940_0 .var "str_type", 56 0;
v0x55b462c1ca00_0 .net "type", 1 0, v0x55b462c1c720_0;  1 drivers
E_0x55b462c09310 .event edge, v0x55b462c1c720_0;
S_0x55b462c08830 .scope module, "i0" "instr_cat" 2 27, 2 1 0, S_0x55b462c086b0;
 .timescale 0 0;
    .port_info 0 /OUTPUT 2 "type"
    .port_info 1 /INPUT 32 "instr"
v0x55b462bd2070_0 .net "instr", 31 0, v0x55b462c1c860_0;  1 drivers
v0x55b462c1c720_0 .var "type", 1 0;
E_0x55b462c07520 .event edge, v0x55b462bd2070_0;
    .scope S_0x55b462c08830;
T_0 ;
    %wait E_0x55b462c07520;
    %load/vec4 v0x55b462bd2070_0;
    %parti/s 6, 26, 6;
    %dup/vec4;
    %pushi/vec4 0, 0, 6;
    %cmp/x;
    %jmp/1 T_0.0, 4;
    %dup/vec4;
    %pushi/vec4 15, 11, 6;
    %cmp/x;
    %jmp/1 T_0.1, 4;
    %dup/vec4;
    %pushi/vec4 15, 7, 6;
    %cmp/x;
    %jmp/1 T_0.2, 4;
    %dup/vec4;
    %pushi/vec4 13, 12, 6;
    %cmp/x;
    %jmp/1 T_0.3, 4;
    %dup/vec4;
    %pushi/vec4 41, 9, 6;
    %cmp/x;
    %jmp/1 T_0.4, 4;
    %dup/vec4;
    %pushi/vec4 43, 10, 6;
    %cmp/x;
    %jmp/1 T_0.5, 4;
    %dup/vec4;
    %pushi/vec4 57, 24, 6;
    %cmp/x;
    %jmp/1 T_0.6, 4;
    %dup/vec4;
    %pushi/vec4 36, 32, 6;
    %cmp/x;
    %jmp/1 T_0.7, 4;
    %dup/vec4;
    %pushi/vec4 3, 1, 6;
    %cmp/x;
    %jmp/1 T_0.8, 4;
    %jmp T_0.9;
T_0.0 ;
    %pushi/vec4 0, 0, 2;
    %store/vec4 v0x55b462c1c720_0, 0, 2;
    %jmp T_0.9;
T_0.1 ;
    %pushi/vec4 1, 0, 2;
    %store/vec4 v0x55b462c1c720_0, 0, 2;
    %jmp T_0.9;
T_0.2 ;
    %pushi/vec4 1, 0, 2;
    %store/vec4 v0x55b462c1c720_0, 0, 2;
    %jmp T_0.9;
T_0.3 ;
    %pushi/vec4 1, 0, 2;
    %store/vec4 v0x55b462c1c720_0, 0, 2;
    %jmp T_0.9;
T_0.4 ;
    %pushi/vec4 1, 0, 2;
    %store/vec4 v0x55b462c1c720_0, 0, 2;
    %jmp T_0.9;
T_0.5 ;
    %pushi/vec4 1, 0, 2;
    %store/vec4 v0x55b462c1c720_0, 0, 2;
    %jmp T_0.9;
T_0.6 ;
    %pushi/vec4 1, 0, 2;
    %store/vec4 v0x55b462c1c720_0, 0, 2;
    %jmp T_0.9;
T_0.7 ;
    %pushi/vec4 1, 0, 2;
    %store/vec4 v0x55b462c1c720_0, 0, 2;
    %jmp T_0.9;
T_0.8 ;
    %pushi/vec4 2, 0, 2;
    %store/vec4 v0x55b462c1c720_0, 0, 2;
    %jmp T_0.9;
T_0.9 ;
    %pop/vec4 1;
    %jmp T_0;
    .thread T_0, $push;
    .scope S_0x55b462c086b0;
T_1 ;
    %vpi_call 2 30 "$monitor", "(:instr %d :type: %s)", v0x55b462c1c860_0, v0x55b462c1c940_0 {0 0 0};
    %delay 0, 0;
    %pushi/vec4 0, 0, 32;
    %store/vec4 v0x55b462c1c860_0, 0, 32;
    %delay 1, 0;
    %pushi/vec4 536870912, 0, 32;
    %store/vec4 v0x55b462c1c860_0, 0, 32;
    %delay 2, 0;
    %pushi/vec4 134217728, 0, 32;
    %store/vec4 v0x55b462c1c860_0, 0, 32;
    %delay 3, 0;
    %pushi/vec4 805306368, 0, 32;
    %store/vec4 v0x55b462c1c860_0, 0, 32;
    %delay 4, 0;
    %pushi/vec4 2348810240, 0, 32;
    %store/vec4 v0x55b462c1c860_0, 0, 32;
    %delay 5, 0;
    %pushi/vec4 268435456, 0, 32;
    %store/vec4 v0x55b462c1c860_0, 0, 32;
    %delay 6, 0;
    %pushi/vec4 872415232, 0, 32;
    %store/vec4 v0x55b462c1c860_0, 0, 32;
    %delay 7, 0;
    %pushi/vec4 201326592, 0, 32;
    %store/vec4 v0x55b462c1c860_0, 0, 32;
    %delay 8, 0;
    %pushi/vec4 2684354560, 0, 32;
    %store/vec4 v0x55b462c1c860_0, 0, 32;
    %delay 9, 0;
    %pushi/vec4 2885681152, 0, 32;
    %store/vec4 v0x55b462c1c860_0, 0, 32;
    %delay 10, 0;
    %vpi_call 2 42 "$finish" {0 0 0};
    %end;
    .thread T_1;
    .scope S_0x55b462c086b0;
T_2 ;
    %wait E_0x55b462c09310;
    %load/vec4 v0x55b462c1ca00_0;
    %cmpi/e 0, 0, 2;
    %flag_mov 8, 4;
    %jmp/0 T_2.0, 8;
    %pushi/vec4 2757404914, 0, 42;
    %concati/vec4 28773, 0, 15;
    %jmp/1 T_2.1, 8;
T_2.0 ; End of true expr.
    %load/vec4 v0x55b462c1ca00_0;
    %cmpi/e 1, 0, 2;
    %flag_mov 9, 4;
    %jmp/0 T_2.2, 9;
    %pushi/vec4 2455415026, 0, 42;
    %concati/vec4 28773, 0, 15;
    %jmp/1 T_2.3, 9;
T_2.2 ; End of true expr.
    %load/vec4 v0x55b462c1ca00_0;
    %cmpi/e 2, 0, 2;
    %flag_mov 10, 4;
    %jmp/0 T_2.4, 10;
    %pushi/vec4 2488969458, 0, 42;
    %concati/vec4 28773, 0, 15;
    %jmp/1 T_2.5, 10;
T_2.4 ; End of true expr.
    %pushi/vec4 2330256606, 0, 50;
    %concati/vec4 114, 0, 7;
    %jmp/0 T_2.5, 10;
 ; End of false expr.
    %blend;
T_2.5;
    %jmp/0 T_2.3, 9;
 ; End of false expr.
    %blend;
T_2.3;
    %jmp/0 T_2.1, 8;
 ; End of false expr.
    %blend;
T_2.1;
    %store/vec4 v0x55b462c1c940_0, 0, 57;
    %jmp T_2;
    .thread T_2, $push;
# The file index is used to find the file name in the following table.
:file_names 3;
    "N/A";
    "<interactive>";
    "instruction_category.v";
