#! /usr/bin/vvp
:ivl_version "10.1 (stable)";
:ivl_delay_selection "TYPICAL";
:vpi_time_precision + 0;
:vpi_module "system";
:vpi_module "vhdl_sys";
:vpi_module "v2005_math";
:vpi_module "va_math";
S_0x5599aa23fd40 .scope module, "tb_circ" "tb_circ" 2 3;
 .timescale 0 0;
v0x5599aa2604c0_0 .var "en", 0 0;
v0x5599aa260580_0 .var "inp", 0 0;
v0x5599aa260650_0 .net "op", 7 0, v0x5599aa240100_0;  1 drivers
v0x5599aa260750_0 .var "sel", 2 0;
S_0x5599aa23fec0 .scope module, "e0" "demux" 2 8, 3 2 0, S_0x5599aa23fd40;
 .timescale 0 0;
    .port_info 0 /OUTPUT 8 "bin_out"
    .port_info 1 /INPUT 1 "dem_in"
    .port_info 2 /INPUT 3 "select"
    .port_info 3 /INPUT 1 "enable"
v0x5599aa240100_0 .var "bin_out", 7 0;
v0x5599aa2601a0_0 .net "dem_in", 0 0, v0x5599aa260580_0;  1 drivers
v0x5599aa260260_0 .net "enable", 0 0, v0x5599aa2604c0_0;  1 drivers
v0x5599aa260330_0 .net "select", 2 0, v0x5599aa260750_0;  1 drivers
E_0x5599aa23ad40 .event edge, v0x5599aa260330_0, v0x5599aa2601a0_0, v0x5599aa260260_0;
    .scope S_0x5599aa23fec0;
T_0 ;
    %wait E_0x5599aa23ad40;
    %pushi/vec4 0, 0, 8;
    %store/vec4 v0x5599aa240100_0, 0, 8;
    %load/vec4 v0x5599aa260260_0;
    %flag_set/vec4 8;
    %jmp/0xz  T_0.0, 8;
    %load/vec4 v0x5599aa260330_0;
    %dup/vec4;
    %pushi/vec4 0, 0, 3;
    %cmp/u;
    %jmp/1 T_0.2, 6;
    %dup/vec4;
    %pushi/vec4 1, 0, 3;
    %cmp/u;
    %jmp/1 T_0.3, 6;
    %dup/vec4;
    %pushi/vec4 2, 0, 3;
    %cmp/u;
    %jmp/1 T_0.4, 6;
    %dup/vec4;
    %pushi/vec4 3, 0, 3;
    %cmp/u;
    %jmp/1 T_0.5, 6;
    %dup/vec4;
    %pushi/vec4 4, 0, 3;
    %cmp/u;
    %jmp/1 T_0.6, 6;
    %dup/vec4;
    %pushi/vec4 5, 0, 3;
    %cmp/u;
    %jmp/1 T_0.7, 6;
    %dup/vec4;
    %pushi/vec4 6, 0, 3;
    %cmp/u;
    %jmp/1 T_0.8, 6;
    %dup/vec4;
    %pushi/vec4 7, 0, 3;
    %cmp/u;
    %jmp/1 T_0.9, 6;
    %jmp T_0.10;
T_0.2 ;
    %load/vec4 v0x5599aa2601a0_0;
    %ix/load 4, 0, 0;
    %flag_set/imm 4, 0;
    %store/vec4 v0x5599aa240100_0, 4, 1;
    %jmp T_0.10;
T_0.3 ;
    %load/vec4 v0x5599aa2601a0_0;
    %ix/load 4, 1, 0;
    %flag_set/imm 4, 0;
    %store/vec4 v0x5599aa240100_0, 4, 1;
    %jmp T_0.10;
T_0.4 ;
    %load/vec4 v0x5599aa2601a0_0;
    %ix/load 4, 2, 0;
    %flag_set/imm 4, 0;
    %store/vec4 v0x5599aa240100_0, 4, 1;
    %jmp T_0.10;
T_0.5 ;
    %load/vec4 v0x5599aa2601a0_0;
    %ix/load 4, 3, 0;
    %flag_set/imm 4, 0;
    %store/vec4 v0x5599aa240100_0, 4, 1;
    %jmp T_0.10;
T_0.6 ;
    %load/vec4 v0x5599aa2601a0_0;
    %ix/load 4, 4, 0;
    %flag_set/imm 4, 0;
    %store/vec4 v0x5599aa240100_0, 4, 1;
    %jmp T_0.10;
T_0.7 ;
    %load/vec4 v0x5599aa2601a0_0;
    %ix/load 4, 5, 0;
    %flag_set/imm 4, 0;
    %store/vec4 v0x5599aa240100_0, 4, 1;
    %jmp T_0.10;
T_0.8 ;
    %load/vec4 v0x5599aa2601a0_0;
    %ix/load 4, 6, 0;
    %flag_set/imm 4, 0;
    %store/vec4 v0x5599aa240100_0, 4, 1;
    %jmp T_0.10;
T_0.9 ;
    %load/vec4 v0x5599aa2601a0_0;
    %ix/load 4, 7, 0;
    %flag_set/imm 4, 0;
    %store/vec4 v0x5599aa240100_0, 4, 1;
    %jmp T_0.10;
T_0.10 ;
    %pop/vec4 1;
T_0.0 ;
    %jmp T_0;
    .thread T_0, $push;
    .scope S_0x5599aa23fd40;
T_1 ;
    %pushi/vec4 1, 0, 1;
    %store/vec4 v0x5599aa2604c0_0, 0, 1;
    %pushi/vec4 1, 0, 1;
    %store/vec4 v0x5599aa260580_0, 0, 1;
    %pushi/vec4 0, 0, 3;
    %store/vec4 v0x5599aa260750_0, 0, 3;
    %vpi_call 2 12 "$monitor", "%b = %b", v0x5599aa260750_0, v0x5599aa260650_0 {0 0 0};
    %delay 7, 0;
    %vpi_call 2 14 "$finish" {0 0 0};
    %end;
    .thread T_1;
    .scope S_0x5599aa23fd40;
T_2 ;
    %delay 1, 0;
    %load/vec4 v0x5599aa260750_0;
    %addi 1, 0, 3;
    %store/vec4 v0x5599aa260750_0, 0, 3;
    %jmp T_2;
    .thread T_2;
# The file index is used to find the file name in the following table.
:file_names 4;
    "N/A";
    "<interactive>";
    "tb_circ.v";
    "./demux.v";
