#! /usr/bin/vvp
:ivl_version "10.1 (stable)";
:ivl_delay_selection "TYPICAL";
:vpi_time_precision + 0;
:vpi_module "system";
:vpi_module "vhdl_sys";
:vpi_module "v2005_math";
:vpi_module "va_math";
S_0x561874fec4b0 .scope module, "shft_8bpp" "shft_8bpp" 2 62;
 .timescale 0 0;
    .port_info 0 /OUTPUT 8 "Q"
    .port_info 1 /INPUT 8 "D"
    .port_info 2 /INPUT 1 "clk"
    .port_info 3 /INPUT 1 "res"
L_0x561875012510 .functor BUFZ 8, L_0x561875014a20, C4<00000000>, C4<00000000>, C4<00000000>;
v0x561875007ce0_0 .net "D", 7 0, L_0x561875014a20;  1 drivers
RS_0x7f5472d129a8 .resolv tri, L_0x561875012510, L_0x561875012cf0;
v0x561875007de0_0 .net8 "Q", 7 0, RS_0x7f5472d129a8;  2 drivers
o0x7f5472d129d8 .functor BUFZ 1, C4<z>; HiZ drive
; Elide local net with no drivers, v0x561875007ec0_0 name=_s36
o0x7f5472d12078 .functor BUFZ 1, C4<z>; HiZ drive
v0x561875007f80_0 .net "clk", 0 0, o0x7f5472d12078;  0 drivers
o0x7f5472d120a8 .functor BUFZ 1, C4<z>; HiZ drive
v0x561875008130_0 .net "res", 0 0, o0x7f5472d120a8;  0 drivers
L_0x5618750125d0 .part L_0x561875014a20, 0, 1;
L_0x5618750126f0 .part L_0x561875014a20, 1, 1;
L_0x561875012790 .part L_0x561875014a20, 2, 1;
L_0x561875012860 .part L_0x561875014a20, 3, 1;
L_0x561875012960 .part L_0x561875014a20, 4, 1;
L_0x561875012a30 .part L_0x561875014a20, 5, 1;
L_0x561875012b40 .part L_0x561875014a20, 6, 1;
L_0x561875012cf0 .part/pv v0x561875007a20_0, 7, 1, 8;
L_0x561875012de0 .part L_0x561875014a20, 7, 1;
LS_0x561875014a20_0_0 .concat [ 1 1 1 1], o0x7f5472d129d8, v0x561874fd4b40_0, v0x561874fe2370_0, v0x561875005d20_0;
LS_0x561875014a20_0_4 .concat [ 1 1 1 1], v0x561875006280_0, v0x561875006830_0, v0x561875006eb0_0, v0x561875007440_0;
L_0x561875014a20 .concat [ 4 4 0 0], LS_0x561875014a20_0_0, LS_0x561875014a20_0_4;
S_0x561874fe9b00 .scope module, "ff0" "ff_impl" 2 69, 2 1 0, S_0x561874fec4b0;
 .timescale 0 0;
    .port_info 0 /OUTPUT 1 "Q"
    .port_info 1 /INPUT 1 "D"
    .port_info 2 /INPUT 1 "clk"
    .port_info 3 /INPUT 1 "res"
v0x561874fd9e80_0 .net "D", 0 0, L_0x5618750125d0;  1 drivers
v0x561874fd4b40_0 .var "Q", 0 0;
v0x561874fd3d60_0 .net "clk", 0 0, o0x7f5472d12078;  alias, 0 drivers
v0x561874fd2f20_0 .net "res", 0 0, o0x7f5472d120a8;  alias, 0 drivers
E_0x561874fd7540 .event posedge, v0x561874fd3d60_0;
S_0x561875005760 .scope module, "ff1" "ff_impl" 2 70, 2 1 0, S_0x561874fec4b0;
 .timescale 0 0;
    .port_info 0 /OUTPUT 1 "Q"
    .port_info 1 /INPUT 1 "D"
    .port_info 2 /INPUT 1 "clk"
    .port_info 3 /INPUT 1 "res"
v0x561874fe8960_0 .net "D", 0 0, L_0x5618750126f0;  1 drivers
v0x561874fe2370_0 .var "Q", 0 0;
v0x561874fe3f30_0 .net "clk", 0 0, o0x7f5472d12078;  alias, 0 drivers
v0x5618750059b0_0 .net "res", 0 0, o0x7f5472d120a8;  alias, 0 drivers
S_0x561875005a70 .scope module, "ff2" "ff_impl" 2 71, 2 1 0, S_0x561874fec4b0;
 .timescale 0 0;
    .port_info 0 /OUTPUT 1 "Q"
    .port_info 1 /INPUT 1 "D"
    .port_info 2 /INPUT 1 "clk"
    .port_info 3 /INPUT 1 "res"
v0x561875005c60_0 .net "D", 0 0, L_0x561875012790;  1 drivers
v0x561875005d20_0 .var "Q", 0 0;
v0x561875005de0_0 .net "clk", 0 0, o0x7f5472d12078;  alias, 0 drivers
v0x561875005eb0_0 .net "res", 0 0, o0x7f5472d120a8;  alias, 0 drivers
S_0x561875005fb0 .scope module, "ff3" "ff_impl" 2 72, 2 1 0, S_0x561874fec4b0;
 .timescale 0 0;
    .port_info 0 /OUTPUT 1 "Q"
    .port_info 1 /INPUT 1 "D"
    .port_info 2 /INPUT 1 "clk"
    .port_info 3 /INPUT 1 "res"
v0x5618750061a0_0 .net "D", 0 0, L_0x561875012860;  1 drivers
v0x561875006280_0 .var "Q", 0 0;
v0x561875006340_0 .net "clk", 0 0, o0x7f5472d12078;  alias, 0 drivers
v0x5618750063e0_0 .net "res", 0 0, o0x7f5472d120a8;  alias, 0 drivers
S_0x561875006510 .scope module, "ff4" "ff_impl" 2 73, 2 1 0, S_0x561874fec4b0;
 .timescale 0 0;
    .port_info 0 /OUTPUT 1 "Q"
    .port_info 1 /INPUT 1 "D"
    .port_info 2 /INPUT 1 "clk"
    .port_info 3 /INPUT 1 "res"
v0x561875006750_0 .net "D", 0 0, L_0x561875012960;  1 drivers
v0x561875006830_0 .var "Q", 0 0;
v0x5618750068f0_0 .net "clk", 0 0, o0x7f5472d12078;  alias, 0 drivers
v0x561875006a20_0 .net "res", 0 0, o0x7f5472d120a8;  alias, 0 drivers
S_0x561875006be0 .scope module, "ff5" "ff_impl" 2 74, 2 1 0, S_0x561874fec4b0;
 .timescale 0 0;
    .port_info 0 /OUTPUT 1 "Q"
    .port_info 1 /INPUT 1 "D"
    .port_info 2 /INPUT 1 "clk"
    .port_info 3 /INPUT 1 "res"
v0x561875006dd0_0 .net "D", 0 0, L_0x561875012a30;  1 drivers
v0x561875006eb0_0 .var "Q", 0 0;
v0x561875006f70_0 .net "clk", 0 0, o0x7f5472d12078;  alias, 0 drivers
v0x561875007040_0 .net "res", 0 0, o0x7f5472d120a8;  alias, 0 drivers
S_0x561875007170 .scope module, "ff6" "ff_impl" 2 75, 2 1 0, S_0x561874fec4b0;
 .timescale 0 0;
    .port_info 0 /OUTPUT 1 "Q"
    .port_info 1 /INPUT 1 "D"
    .port_info 2 /INPUT 1 "clk"
    .port_info 3 /INPUT 1 "res"
v0x561875007360_0 .net "D", 0 0, L_0x561875012b40;  1 drivers
v0x561875007440_0 .var "Q", 0 0;
v0x561875007500_0 .net "clk", 0 0, o0x7f5472d12078;  alias, 0 drivers
v0x5618750075d0_0 .net "res", 0 0, o0x7f5472d120a8;  alias, 0 drivers
S_0x561875007700 .scope module, "ff7" "ff_impl" 2 76, 2 1 0, S_0x561874fec4b0;
 .timescale 0 0;
    .port_info 0 /OUTPUT 1 "Q"
    .port_info 1 /INPUT 1 "D"
    .port_info 2 /INPUT 1 "clk"
    .port_info 3 /INPUT 1 "res"
v0x561875007940_0 .net "D", 0 0, L_0x561875012de0;  1 drivers
v0x561875007a20_0 .var "Q", 0 0;
v0x561875007ae0_0 .net "clk", 0 0, o0x7f5472d12078;  alias, 0 drivers
v0x561875007bb0_0 .net "res", 0 0, o0x7f5472d120a8;  alias, 0 drivers
S_0x561874fdf610 .scope module, "shft_8bps" "shft_8bps" 2 46;
 .timescale 0 0;
    .port_info 0 /OUTPUT 1 "Q"
    .port_info 1 /INPUT 8 "D"
    .port_info 2 /INPUT 1 "clk"
    .port_info 3 /INPUT 1 "res"
v0x56187500b340_0 .net "D", 7 0, L_0x561875014cf0;  1 drivers
v0x56187500b440_0 .net "Q", 0 0, v0x56187500b080_0;  1 drivers
o0x7f5472d13458 .functor BUFZ 1, C4<z>; HiZ drive
; Elide local net with no drivers, v0x56187500b500_0 name=_s32
o0x7f5472d12b28 .functor BUFZ 1, C4<z>; HiZ drive
v0x56187500b5d0_0 .net "clk", 0 0, o0x7f5472d12b28;  0 drivers
o0x7f5472d12b58 .functor BUFZ 1, C4<z>; HiZ drive
v0x56187500b780_0 .net "res", 0 0, o0x7f5472d12b58;  0 drivers
L_0x561875012eb0 .part L_0x561875014cf0, 0, 1;
L_0x561875012fb0 .part L_0x561875014cf0, 1, 1;
L_0x5618750130d0 .part L_0x561875014cf0, 2, 1;
L_0x561875013170 .part L_0x561875014cf0, 3, 1;
L_0x561875013270 .part L_0x561875014cf0, 4, 1;
L_0x561875013340 .part L_0x561875014cf0, 5, 1;
L_0x561875013450 .part L_0x561875014cf0, 6, 1;
L_0x5618750134f0 .part L_0x561875014cf0, 7, 1;
LS_0x561875014cf0_0_0 .concat [ 1 1 1 1], o0x7f5472d13458, v0x561875008730_0, v0x561875008d50_0, v0x561875009360_0;
LS_0x561875014cf0_0_4 .concat [ 1 1 1 1], v0x5618750099b0_0, v0x561875009fb0_0, v0x56187500a510_0, v0x56187500aaa0_0;
L_0x561875014cf0 .concat [ 4 4 0 0], LS_0x561875014cf0_0_0, LS_0x561875014cf0_0_4;
S_0x5618750083b0 .scope module, "ff0" "ff_impl" 2 52, 2 1 0, S_0x561874fdf610;
 .timescale 0 0;
    .port_info 0 /OUTPUT 1 "Q"
    .port_info 1 /INPUT 1 "D"
    .port_info 2 /INPUT 1 "clk"
    .port_info 3 /INPUT 1 "res"
v0x561875008650_0 .net "D", 0 0, L_0x561875012eb0;  1 drivers
v0x561875008730_0 .var "Q", 0 0;
v0x5618750087f0_0 .net "clk", 0 0, o0x7f5472d12b28;  alias, 0 drivers
v0x5618750088c0_0 .net "res", 0 0, o0x7f5472d12b58;  alias, 0 drivers
E_0x561874f76900 .event posedge, v0x5618750087f0_0;
S_0x561875008a30 .scope module, "ff1" "ff_impl" 2 53, 2 1 0, S_0x561874fdf610;
 .timescale 0 0;
    .port_info 0 /OUTPUT 1 "Q"
    .port_info 1 /INPUT 1 "D"
    .port_info 2 /INPUT 1 "clk"
    .port_info 3 /INPUT 1 "res"
v0x561875008c90_0 .net "D", 0 0, L_0x561875012fb0;  1 drivers
v0x561875008d50_0 .var "Q", 0 0;
v0x561875008e10_0 .net "clk", 0 0, o0x7f5472d12b28;  alias, 0 drivers
v0x561875008f10_0 .net "res", 0 0, o0x7f5472d12b58;  alias, 0 drivers
S_0x561875009030 .scope module, "ff2" "ff_impl" 2 54, 2 1 0, S_0x561874fdf610;
 .timescale 0 0;
    .port_info 0 /OUTPUT 1 "Q"
    .port_info 1 /INPUT 1 "D"
    .port_info 2 /INPUT 1 "clk"
    .port_info 3 /INPUT 1 "res"
v0x5618750092a0_0 .net "D", 0 0, L_0x5618750130d0;  1 drivers
v0x561875009360_0 .var "Q", 0 0;
v0x561875009420_0 .net "clk", 0 0, o0x7f5472d12b28;  alias, 0 drivers
v0x561875009540_0 .net "res", 0 0, o0x7f5472d12b58;  alias, 0 drivers
S_0x561875009690 .scope module, "ff3" "ff_impl" 2 55, 2 1 0, S_0x561874fdf610;
 .timescale 0 0;
    .port_info 0 /OUTPUT 1 "Q"
    .port_info 1 /INPUT 1 "D"
    .port_info 2 /INPUT 1 "clk"
    .port_info 3 /INPUT 1 "res"
v0x5618750098d0_0 .net "D", 0 0, L_0x561875013170;  1 drivers
v0x5618750099b0_0 .var "Q", 0 0;
v0x561875009a70_0 .net "clk", 0 0, o0x7f5472d12b28;  alias, 0 drivers
v0x561875009b10_0 .net "res", 0 0, o0x7f5472d12b58;  alias, 0 drivers
S_0x561875009c40 .scope module, "ff4" "ff_impl" 2 56, 2 1 0, S_0x561874fdf610;
 .timescale 0 0;
    .port_info 0 /OUTPUT 1 "Q"
    .port_info 1 /INPUT 1 "D"
    .port_info 2 /INPUT 1 "clk"
    .port_info 3 /INPUT 1 "res"
v0x561875009ed0_0 .net "D", 0 0, L_0x561875013270;  1 drivers
v0x561875009fb0_0 .var "Q", 0 0;
v0x56187500a070_0 .net "clk", 0 0, o0x7f5472d12b28;  alias, 0 drivers
v0x56187500a110_0 .net "res", 0 0, o0x7f5472d12b58;  alias, 0 drivers
S_0x56187500a240 .scope module, "ff5" "ff_impl" 2 57, 2 1 0, S_0x561874fdf610;
 .timescale 0 0;
    .port_info 0 /OUTPUT 1 "Q"
    .port_info 1 /INPUT 1 "D"
    .port_info 2 /INPUT 1 "clk"
    .port_info 3 /INPUT 1 "res"
v0x56187500a430_0 .net "D", 0 0, L_0x561875013340;  1 drivers
v0x56187500a510_0 .var "Q", 0 0;
v0x56187500a5d0_0 .net "clk", 0 0, o0x7f5472d12b28;  alias, 0 drivers
v0x56187500a6a0_0 .net "res", 0 0, o0x7f5472d12b58;  alias, 0 drivers
S_0x56187500a7d0 .scope module, "ff6" "ff_impl" 2 58, 2 1 0, S_0x561874fdf610;
 .timescale 0 0;
    .port_info 0 /OUTPUT 1 "Q"
    .port_info 1 /INPUT 1 "D"
    .port_info 2 /INPUT 1 "clk"
    .port_info 3 /INPUT 1 "res"
v0x56187500a9c0_0 .net "D", 0 0, L_0x561875013450;  1 drivers
v0x56187500aaa0_0 .var "Q", 0 0;
v0x56187500ab60_0 .net "clk", 0 0, o0x7f5472d12b28;  alias, 0 drivers
v0x56187500ac30_0 .net "res", 0 0, o0x7f5472d12b58;  alias, 0 drivers
S_0x56187500ad60 .scope module, "ff7" "ff_impl" 2 59, 2 1 0, S_0x561874fdf610;
 .timescale 0 0;
    .port_info 0 /OUTPUT 1 "Q"
    .port_info 1 /INPUT 1 "D"
    .port_info 2 /INPUT 1 "clk"
    .port_info 3 /INPUT 1 "res"
v0x56187500afa0_0 .net "D", 0 0, L_0x5618750134f0;  1 drivers
v0x56187500b080_0 .var "Q", 0 0;
v0x56187500b140_0 .net "clk", 0 0, o0x7f5472d12b28;  alias, 0 drivers
v0x56187500b210_0 .net "res", 0 0, o0x7f5472d12b58;  alias, 0 drivers
S_0x561874feb6c0 .scope module, "shft_8bsp" "shft_8bsp" 2 30;
 .timescale 0 0;
    .port_info 0 /OUTPUT 8 "Q"
    .port_info 1 /INPUT 1 "D"
    .port_info 2 /INPUT 1 "clk"
    .port_info 3 /INPUT 1 "res"
o0x7f5472d13548 .functor BUFZ 1, C4<z>; HiZ drive
v0x56187500e970_0 .net "D", 0 0, o0x7f5472d13548;  0 drivers
v0x56187500ea30_0 .net "Q", 7 0, L_0x561875013c70;  1 drivers
o0x7f5472d135a8 .functor BUFZ 1, C4<z>; HiZ drive
v0x56187500eaf0_0 .net "clk", 0 0, o0x7f5472d135a8;  0 drivers
o0x7f5472d135d8 .functor BUFZ 1, C4<z>; HiZ drive
v0x56187500ecd0_0 .net "res", 0 0, o0x7f5472d135d8;  0 drivers
L_0x561875013720 .part L_0x561875013c70, 0, 1;
L_0x561875013820 .part L_0x561875013c70, 1, 1;
L_0x5618750138f0 .part L_0x561875013c70, 2, 1;
L_0x561875013990 .part L_0x561875013c70, 3, 1;
L_0x561875013a90 .part L_0x561875013c70, 4, 1;
L_0x561875013b60 .part L_0x561875013c70, 5, 1;
LS_0x561875013c70_0_0 .concat8 [ 1 1 1 1], v0x56187500bd60_0, v0x56187500c380_0, v0x56187500c990_0, v0x56187500cfe0_0;
LS_0x561875013c70_0_4 .concat8 [ 1 1 1 1], v0x56187500d5e0_0, v0x56187500db40_0, v0x56187500e0d0_0, v0x56187500e6b0_0;
L_0x561875013c70 .concat8 [ 4 4 0 0], LS_0x561875013c70_0_0, LS_0x561875013c70_0_4;
L_0x561875013e60 .part L_0x561875013c70, 6, 1;
S_0x56187500b9e0 .scope module, "ff0" "ff_impl" 2 36, 2 1 0, S_0x561874feb6c0;
 .timescale 0 0;
    .port_info 0 /OUTPUT 1 "Q"
    .port_info 1 /INPUT 1 "D"
    .port_info 2 /INPUT 1 "clk"
    .port_info 3 /INPUT 1 "res"
v0x56187500bc80_0 .net "D", 0 0, o0x7f5472d13548;  alias, 0 drivers
v0x56187500bd60_0 .var "Q", 0 0;
v0x56187500be20_0 .net "clk", 0 0, o0x7f5472d135a8;  alias, 0 drivers
v0x56187500bef0_0 .net "res", 0 0, o0x7f5472d135d8;  alias, 0 drivers
E_0x561874f76d70 .event posedge, v0x56187500be20_0;
S_0x56187500c060 .scope module, "ff1" "ff_impl" 2 37, 2 1 0, S_0x561874feb6c0;
 .timescale 0 0;
    .port_info 0 /OUTPUT 1 "Q"
    .port_info 1 /INPUT 1 "D"
    .port_info 2 /INPUT 1 "clk"
    .port_info 3 /INPUT 1 "res"
v0x56187500c2c0_0 .net "D", 0 0, L_0x561875013720;  1 drivers
v0x56187500c380_0 .var "Q", 0 0;
v0x56187500c440_0 .net "clk", 0 0, o0x7f5472d135a8;  alias, 0 drivers
v0x56187500c540_0 .net "res", 0 0, o0x7f5472d135d8;  alias, 0 drivers
S_0x56187500c660 .scope module, "ff2" "ff_impl" 2 38, 2 1 0, S_0x561874feb6c0;
 .timescale 0 0;
    .port_info 0 /OUTPUT 1 "Q"
    .port_info 1 /INPUT 1 "D"
    .port_info 2 /INPUT 1 "clk"
    .port_info 3 /INPUT 1 "res"
v0x56187500c8d0_0 .net "D", 0 0, L_0x561875013820;  1 drivers
v0x56187500c990_0 .var "Q", 0 0;
v0x56187500ca50_0 .net "clk", 0 0, o0x7f5472d135a8;  alias, 0 drivers
v0x56187500cb70_0 .net "res", 0 0, o0x7f5472d135d8;  alias, 0 drivers
S_0x56187500ccc0 .scope module, "ff3" "ff_impl" 2 39, 2 1 0, S_0x561874feb6c0;
 .timescale 0 0;
    .port_info 0 /OUTPUT 1 "Q"
    .port_info 1 /INPUT 1 "D"
    .port_info 2 /INPUT 1 "clk"
    .port_info 3 /INPUT 1 "res"
v0x56187500cf00_0 .net "D", 0 0, L_0x5618750138f0;  1 drivers
v0x56187500cfe0_0 .var "Q", 0 0;
v0x56187500d0a0_0 .net "clk", 0 0, o0x7f5472d135a8;  alias, 0 drivers
v0x56187500d140_0 .net "res", 0 0, o0x7f5472d135d8;  alias, 0 drivers
S_0x56187500d270 .scope module, "ff4" "ff_impl" 2 40, 2 1 0, S_0x561874feb6c0;
 .timescale 0 0;
    .port_info 0 /OUTPUT 1 "Q"
    .port_info 1 /INPUT 1 "D"
    .port_info 2 /INPUT 1 "clk"
    .port_info 3 /INPUT 1 "res"
v0x56187500d500_0 .net "D", 0 0, L_0x561875013990;  1 drivers
v0x56187500d5e0_0 .var "Q", 0 0;
v0x56187500d6a0_0 .net "clk", 0 0, o0x7f5472d135a8;  alias, 0 drivers
v0x56187500d740_0 .net "res", 0 0, o0x7f5472d135d8;  alias, 0 drivers
S_0x56187500d870 .scope module, "ff5" "ff_impl" 2 41, 2 1 0, S_0x561874feb6c0;
 .timescale 0 0;
    .port_info 0 /OUTPUT 1 "Q"
    .port_info 1 /INPUT 1 "D"
    .port_info 2 /INPUT 1 "clk"
    .port_info 3 /INPUT 1 "res"
v0x56187500da60_0 .net "D", 0 0, L_0x561875013a90;  1 drivers
v0x56187500db40_0 .var "Q", 0 0;
v0x56187500dc00_0 .net "clk", 0 0, o0x7f5472d135a8;  alias, 0 drivers
v0x56187500dcd0_0 .net "res", 0 0, o0x7f5472d135d8;  alias, 0 drivers
S_0x56187500de00 .scope module, "ff6" "ff_impl" 2 42, 2 1 0, S_0x561874feb6c0;
 .timescale 0 0;
    .port_info 0 /OUTPUT 1 "Q"
    .port_info 1 /INPUT 1 "D"
    .port_info 2 /INPUT 1 "clk"
    .port_info 3 /INPUT 1 "res"
v0x56187500dff0_0 .net "D", 0 0, L_0x561875013b60;  1 drivers
v0x56187500e0d0_0 .var "Q", 0 0;
v0x56187500e190_0 .net "clk", 0 0, o0x7f5472d135a8;  alias, 0 drivers
v0x56187500e260_0 .net "res", 0 0, o0x7f5472d135d8;  alias, 0 drivers
S_0x56187500e390 .scope module, "ff7" "ff_impl" 2 43, 2 1 0, S_0x561874feb6c0;
 .timescale 0 0;
    .port_info 0 /OUTPUT 1 "Q"
    .port_info 1 /INPUT 1 "D"
    .port_info 2 /INPUT 1 "clk"
    .port_info 3 /INPUT 1 "res"
v0x56187500e5d0_0 .net "D", 0 0, L_0x561875013e60;  1 drivers
v0x56187500e6b0_0 .var "Q", 0 0;
v0x56187500e770_0 .net "clk", 0 0, o0x7f5472d135a8;  alias, 0 drivers
v0x56187500e840_0 .net "res", 0 0, o0x7f5472d135d8;  alias, 0 drivers
S_0x561874fea8e0 .scope module, "shft_8bss" "shft_8bss" 2 13;
 .timescale 0 0;
    .port_info 0 /OUTPUT 1 "Q"
    .port_info 1 /INPUT 1 "D"
    .port_info 2 /INPUT 1 "clk"
    .port_info 3 /INPUT 1 "res"
v0x561875011ea0_0 .net "A", 6 0, L_0x561875014520;  1 drivers
o0x7f5472d13f98 .functor BUFZ 1, C4<z>; HiZ drive
v0x561875011fa0_0 .net "D", 0 0, o0x7f5472d13f98;  0 drivers
v0x561875012060_0 .net "Q", 0 0, v0x561875011be0_0;  1 drivers
o0x7f5472d13ff8 .functor BUFZ 1, C4<z>; HiZ drive
v0x561875012160_0 .net "clk", 0 0, o0x7f5472d13ff8;  0 drivers
o0x7f5472d14028 .functor BUFZ 1, C4<z>; HiZ drive
v0x561875012310_0 .net "res", 0 0, o0x7f5472d14028;  0 drivers
L_0x561875014090 .part L_0x561875014520, 0, 1;
L_0x561875014190 .part L_0x561875014520, 1, 1;
L_0x5618750142b0 .part L_0x561875014520, 2, 1;
L_0x561875014350 .part L_0x561875014520, 3, 1;
L_0x561875014450 .part L_0x561875014520, 4, 1;
LS_0x561875014520_0_0 .concat8 [ 1 1 1 1], v0x56187500f290_0, v0x56187500f8b0_0, v0x56187500fec0_0, v0x561875010510_0;
LS_0x561875014520_0_4 .concat8 [ 1 1 1 0], v0x561875010b10_0, v0x561875011070_0, v0x561875011600_0;
L_0x561875014520 .concat8 [ 4 3 0 0], LS_0x561875014520_0_0, LS_0x561875014520_0_4;
L_0x561875014750 .part L_0x561875014520, 5, 1;
L_0x5618750147f0 .part L_0x561875014520, 6, 1;
S_0x56187500ef10 .scope module, "ff0" "ff_impl" 2 20, 2 1 0, S_0x561874fea8e0;
 .timescale 0 0;
    .port_info 0 /OUTPUT 1 "Q"
    .port_info 1 /INPUT 1 "D"
    .port_info 2 /INPUT 1 "clk"
    .port_info 3 /INPUT 1 "res"
v0x56187500f1b0_0 .net "D", 0 0, o0x7f5472d13f98;  alias, 0 drivers
v0x56187500f290_0 .var "Q", 0 0;
v0x56187500f350_0 .net "clk", 0 0, o0x7f5472d13ff8;  alias, 0 drivers
v0x56187500f420_0 .net "res", 0 0, o0x7f5472d14028;  alias, 0 drivers
E_0x561874fab7d0 .event posedge, v0x56187500f350_0;
S_0x56187500f590 .scope module, "ff1" "ff_impl" 2 21, 2 1 0, S_0x561874fea8e0;
 .timescale 0 0;
    .port_info 0 /OUTPUT 1 "Q"
    .port_info 1 /INPUT 1 "D"
    .port_info 2 /INPUT 1 "clk"
    .port_info 3 /INPUT 1 "res"
v0x56187500f7f0_0 .net "D", 0 0, L_0x561875014090;  1 drivers
v0x56187500f8b0_0 .var "Q", 0 0;
v0x56187500f970_0 .net "clk", 0 0, o0x7f5472d13ff8;  alias, 0 drivers
v0x56187500fa70_0 .net "res", 0 0, o0x7f5472d14028;  alias, 0 drivers
S_0x56187500fb90 .scope module, "ff2" "ff_impl" 2 22, 2 1 0, S_0x561874fea8e0;
 .timescale 0 0;
    .port_info 0 /OUTPUT 1 "Q"
    .port_info 1 /INPUT 1 "D"
    .port_info 2 /INPUT 1 "clk"
    .port_info 3 /INPUT 1 "res"
v0x56187500fe00_0 .net "D", 0 0, L_0x561875014190;  1 drivers
v0x56187500fec0_0 .var "Q", 0 0;
v0x56187500ff80_0 .net "clk", 0 0, o0x7f5472d13ff8;  alias, 0 drivers
v0x5618750100a0_0 .net "res", 0 0, o0x7f5472d14028;  alias, 0 drivers
S_0x5618750101f0 .scope module, "ff3" "ff_impl" 2 23, 2 1 0, S_0x561874fea8e0;
 .timescale 0 0;
    .port_info 0 /OUTPUT 1 "Q"
    .port_info 1 /INPUT 1 "D"
    .port_info 2 /INPUT 1 "clk"
    .port_info 3 /INPUT 1 "res"
v0x561875010430_0 .net "D", 0 0, L_0x5618750142b0;  1 drivers
v0x561875010510_0 .var "Q", 0 0;
v0x5618750105d0_0 .net "clk", 0 0, o0x7f5472d13ff8;  alias, 0 drivers
v0x561875010670_0 .net "res", 0 0, o0x7f5472d14028;  alias, 0 drivers
S_0x5618750107a0 .scope module, "ff4" "ff_impl" 2 24, 2 1 0, S_0x561874fea8e0;
 .timescale 0 0;
    .port_info 0 /OUTPUT 1 "Q"
    .port_info 1 /INPUT 1 "D"
    .port_info 2 /INPUT 1 "clk"
    .port_info 3 /INPUT 1 "res"
v0x561875010a30_0 .net "D", 0 0, L_0x561875014350;  1 drivers
v0x561875010b10_0 .var "Q", 0 0;
v0x561875010bd0_0 .net "clk", 0 0, o0x7f5472d13ff8;  alias, 0 drivers
v0x561875010c70_0 .net "res", 0 0, o0x7f5472d14028;  alias, 0 drivers
S_0x561875010da0 .scope module, "ff5" "ff_impl" 2 25, 2 1 0, S_0x561874fea8e0;
 .timescale 0 0;
    .port_info 0 /OUTPUT 1 "Q"
    .port_info 1 /INPUT 1 "D"
    .port_info 2 /INPUT 1 "clk"
    .port_info 3 /INPUT 1 "res"
v0x561875010f90_0 .net "D", 0 0, L_0x561875014450;  1 drivers
v0x561875011070_0 .var "Q", 0 0;
v0x561875011130_0 .net "clk", 0 0, o0x7f5472d13ff8;  alias, 0 drivers
v0x561875011200_0 .net "res", 0 0, o0x7f5472d14028;  alias, 0 drivers
S_0x561875011330 .scope module, "ff6" "ff_impl" 2 26, 2 1 0, S_0x561874fea8e0;
 .timescale 0 0;
    .port_info 0 /OUTPUT 1 "Q"
    .port_info 1 /INPUT 1 "D"
    .port_info 2 /INPUT 1 "clk"
    .port_info 3 /INPUT 1 "res"
v0x561875011520_0 .net "D", 0 0, L_0x561875014750;  1 drivers
v0x561875011600_0 .var "Q", 0 0;
v0x5618750116c0_0 .net "clk", 0 0, o0x7f5472d13ff8;  alias, 0 drivers
v0x561875011790_0 .net "res", 0 0, o0x7f5472d14028;  alias, 0 drivers
S_0x5618750118c0 .scope module, "ff7" "ff_impl" 2 27, 2 1 0, S_0x561874fea8e0;
 .timescale 0 0;
    .port_info 0 /OUTPUT 1 "Q"
    .port_info 1 /INPUT 1 "D"
    .port_info 2 /INPUT 1 "clk"
    .port_info 3 /INPUT 1 "res"
v0x561875011b00_0 .net "D", 0 0, L_0x5618750147f0;  1 drivers
v0x561875011be0_0 .var "Q", 0 0;
v0x561875011ca0_0 .net "clk", 0 0, o0x7f5472d13ff8;  alias, 0 drivers
v0x561875011d70_0 .net "res", 0 0, o0x7f5472d14028;  alias, 0 drivers
    .scope S_0x561874fe9b00;
T_0 ;
    %wait E_0x561874fd7540;
    %load/vec4 v0x561874fd2f20_0;
    %flag_set/vec4 8;
    %jmp/0xz  T_0.0, 8;
    %pushi/vec4 0, 0, 1;
    %assign/vec4 v0x561874fd4b40_0, 0;
    %jmp T_0.1;
T_0.0 ;
    %load/vec4 v0x561874fd9e80_0;
    %assign/vec4 v0x561874fd4b40_0, 0;
T_0.1 ;
    %jmp T_0;
    .thread T_0;
    .scope S_0x561875005760;
T_1 ;
    %wait E_0x561874fd7540;
    %load/vec4 v0x5618750059b0_0;
    %flag_set/vec4 8;
    %jmp/0xz  T_1.0, 8;
    %pushi/vec4 0, 0, 1;
    %assign/vec4 v0x561874fe2370_0, 0;
    %jmp T_1.1;
T_1.0 ;
    %load/vec4 v0x561874fe8960_0;
    %assign/vec4 v0x561874fe2370_0, 0;
T_1.1 ;
    %jmp T_1;
    .thread T_1;
    .scope S_0x561875005a70;
T_2 ;
    %wait E_0x561874fd7540;
    %load/vec4 v0x561875005eb0_0;
    %flag_set/vec4 8;
    %jmp/0xz  T_2.0, 8;
    %pushi/vec4 0, 0, 1;
    %assign/vec4 v0x561875005d20_0, 0;
    %jmp T_2.1;
T_2.0 ;
    %load/vec4 v0x561875005c60_0;
    %assign/vec4 v0x561875005d20_0, 0;
T_2.1 ;
    %jmp T_2;
    .thread T_2;
    .scope S_0x561875005fb0;
T_3 ;
    %wait E_0x561874fd7540;
    %load/vec4 v0x5618750063e0_0;
    %flag_set/vec4 8;
    %jmp/0xz  T_3.0, 8;
    %pushi/vec4 0, 0, 1;
    %assign/vec4 v0x561875006280_0, 0;
    %jmp T_3.1;
T_3.0 ;
    %load/vec4 v0x5618750061a0_0;
    %assign/vec4 v0x561875006280_0, 0;
T_3.1 ;
    %jmp T_3;
    .thread T_3;
    .scope S_0x561875006510;
T_4 ;
    %wait E_0x561874fd7540;
    %load/vec4 v0x561875006a20_0;
    %flag_set/vec4 8;
    %jmp/0xz  T_4.0, 8;
    %pushi/vec4 0, 0, 1;
    %assign/vec4 v0x561875006830_0, 0;
    %jmp T_4.1;
T_4.0 ;
    %load/vec4 v0x561875006750_0;
    %assign/vec4 v0x561875006830_0, 0;
T_4.1 ;
    %jmp T_4;
    .thread T_4;
    .scope S_0x561875006be0;
T_5 ;
    %wait E_0x561874fd7540;
    %load/vec4 v0x561875007040_0;
    %flag_set/vec4 8;
    %jmp/0xz  T_5.0, 8;
    %pushi/vec4 0, 0, 1;
    %assign/vec4 v0x561875006eb0_0, 0;
    %jmp T_5.1;
T_5.0 ;
    %load/vec4 v0x561875006dd0_0;
    %assign/vec4 v0x561875006eb0_0, 0;
T_5.1 ;
    %jmp T_5;
    .thread T_5;
    .scope S_0x561875007170;
T_6 ;
    %wait E_0x561874fd7540;
    %load/vec4 v0x5618750075d0_0;
    %flag_set/vec4 8;
    %jmp/0xz  T_6.0, 8;
    %pushi/vec4 0, 0, 1;
    %assign/vec4 v0x561875007440_0, 0;
    %jmp T_6.1;
T_6.0 ;
    %load/vec4 v0x561875007360_0;
    %assign/vec4 v0x561875007440_0, 0;
T_6.1 ;
    %jmp T_6;
    .thread T_6;
    .scope S_0x561875007700;
T_7 ;
    %wait E_0x561874fd7540;
    %load/vec4 v0x561875007bb0_0;
    %flag_set/vec4 8;
    %jmp/0xz  T_7.0, 8;
    %pushi/vec4 0, 0, 1;
    %assign/vec4 v0x561875007a20_0, 0;
    %jmp T_7.1;
T_7.0 ;
    %load/vec4 v0x561875007940_0;
    %assign/vec4 v0x561875007a20_0, 0;
T_7.1 ;
    %jmp T_7;
    .thread T_7;
    .scope S_0x5618750083b0;
T_8 ;
    %wait E_0x561874f76900;
    %load/vec4 v0x5618750088c0_0;
    %flag_set/vec4 8;
    %jmp/0xz  T_8.0, 8;
    %pushi/vec4 0, 0, 1;
    %assign/vec4 v0x561875008730_0, 0;
    %jmp T_8.1;
T_8.0 ;
    %load/vec4 v0x561875008650_0;
    %assign/vec4 v0x561875008730_0, 0;
T_8.1 ;
    %jmp T_8;
    .thread T_8;
    .scope S_0x561875008a30;
T_9 ;
    %wait E_0x561874f76900;
    %load/vec4 v0x561875008f10_0;
    %flag_set/vec4 8;
    %jmp/0xz  T_9.0, 8;
    %pushi/vec4 0, 0, 1;
    %assign/vec4 v0x561875008d50_0, 0;
    %jmp T_9.1;
T_9.0 ;
    %load/vec4 v0x561875008c90_0;
    %assign/vec4 v0x561875008d50_0, 0;
T_9.1 ;
    %jmp T_9;
    .thread T_9;
    .scope S_0x561875009030;
T_10 ;
    %wait E_0x561874f76900;
    %load/vec4 v0x561875009540_0;
    %flag_set/vec4 8;
    %jmp/0xz  T_10.0, 8;
    %pushi/vec4 0, 0, 1;
    %assign/vec4 v0x561875009360_0, 0;
    %jmp T_10.1;
T_10.0 ;
    %load/vec4 v0x5618750092a0_0;
    %assign/vec4 v0x561875009360_0, 0;
T_10.1 ;
    %jmp T_10;
    .thread T_10;
    .scope S_0x561875009690;
T_11 ;
    %wait E_0x561874f76900;
    %load/vec4 v0x561875009b10_0;
    %flag_set/vec4 8;
    %jmp/0xz  T_11.0, 8;
    %pushi/vec4 0, 0, 1;
    %assign/vec4 v0x5618750099b0_0, 0;
    %jmp T_11.1;
T_11.0 ;
    %load/vec4 v0x5618750098d0_0;
    %assign/vec4 v0x5618750099b0_0, 0;
T_11.1 ;
    %jmp T_11;
    .thread T_11;
    .scope S_0x561875009c40;
T_12 ;
    %wait E_0x561874f76900;
    %load/vec4 v0x56187500a110_0;
    %flag_set/vec4 8;
    %jmp/0xz  T_12.0, 8;
    %pushi/vec4 0, 0, 1;
    %assign/vec4 v0x561875009fb0_0, 0;
    %jmp T_12.1;
T_12.0 ;
    %load/vec4 v0x561875009ed0_0;
    %assign/vec4 v0x561875009fb0_0, 0;
T_12.1 ;
    %jmp T_12;
    .thread T_12;
    .scope S_0x56187500a240;
T_13 ;
    %wait E_0x561874f76900;
    %load/vec4 v0x56187500a6a0_0;
    %flag_set/vec4 8;
    %jmp/0xz  T_13.0, 8;
    %pushi/vec4 0, 0, 1;
    %assign/vec4 v0x56187500a510_0, 0;
    %jmp T_13.1;
T_13.0 ;
    %load/vec4 v0x56187500a430_0;
    %assign/vec4 v0x56187500a510_0, 0;
T_13.1 ;
    %jmp T_13;
    .thread T_13;
    .scope S_0x56187500a7d0;
T_14 ;
    %wait E_0x561874f76900;
    %load/vec4 v0x56187500ac30_0;
    %flag_set/vec4 8;
    %jmp/0xz  T_14.0, 8;
    %pushi/vec4 0, 0, 1;
    %assign/vec4 v0x56187500aaa0_0, 0;
    %jmp T_14.1;
T_14.0 ;
    %load/vec4 v0x56187500a9c0_0;
    %assign/vec4 v0x56187500aaa0_0, 0;
T_14.1 ;
    %jmp T_14;
    .thread T_14;
    .scope S_0x56187500ad60;
T_15 ;
    %wait E_0x561874f76900;
    %load/vec4 v0x56187500b210_0;
    %flag_set/vec4 8;
    %jmp/0xz  T_15.0, 8;
    %pushi/vec4 0, 0, 1;
    %assign/vec4 v0x56187500b080_0, 0;
    %jmp T_15.1;
T_15.0 ;
    %load/vec4 v0x56187500afa0_0;
    %assign/vec4 v0x56187500b080_0, 0;
T_15.1 ;
    %jmp T_15;
    .thread T_15;
    .scope S_0x56187500b9e0;
T_16 ;
    %wait E_0x561874f76d70;
    %load/vec4 v0x56187500bef0_0;
    %flag_set/vec4 8;
    %jmp/0xz  T_16.0, 8;
    %pushi/vec4 0, 0, 1;
    %assign/vec4 v0x56187500bd60_0, 0;
    %jmp T_16.1;
T_16.0 ;
    %load/vec4 v0x56187500bc80_0;
    %assign/vec4 v0x56187500bd60_0, 0;
T_16.1 ;
    %jmp T_16;
    .thread T_16;
    .scope S_0x56187500c060;
T_17 ;
    %wait E_0x561874f76d70;
    %load/vec4 v0x56187500c540_0;
    %flag_set/vec4 8;
    %jmp/0xz  T_17.0, 8;
    %pushi/vec4 0, 0, 1;
    %assign/vec4 v0x56187500c380_0, 0;
    %jmp T_17.1;
T_17.0 ;
    %load/vec4 v0x56187500c2c0_0;
    %assign/vec4 v0x56187500c380_0, 0;
T_17.1 ;
    %jmp T_17;
    .thread T_17;
    .scope S_0x56187500c660;
T_18 ;
    %wait E_0x561874f76d70;
    %load/vec4 v0x56187500cb70_0;
    %flag_set/vec4 8;
    %jmp/0xz  T_18.0, 8;
    %pushi/vec4 0, 0, 1;
    %assign/vec4 v0x56187500c990_0, 0;
    %jmp T_18.1;
T_18.0 ;
    %load/vec4 v0x56187500c8d0_0;
    %assign/vec4 v0x56187500c990_0, 0;
T_18.1 ;
    %jmp T_18;
    .thread T_18;
    .scope S_0x56187500ccc0;
T_19 ;
    %wait E_0x561874f76d70;
    %load/vec4 v0x56187500d140_0;
    %flag_set/vec4 8;
    %jmp/0xz  T_19.0, 8;
    %pushi/vec4 0, 0, 1;
    %assign/vec4 v0x56187500cfe0_0, 0;
    %jmp T_19.1;
T_19.0 ;
    %load/vec4 v0x56187500cf00_0;
    %assign/vec4 v0x56187500cfe0_0, 0;
T_19.1 ;
    %jmp T_19;
    .thread T_19;
    .scope S_0x56187500d270;
T_20 ;
    %wait E_0x561874f76d70;
    %load/vec4 v0x56187500d740_0;
    %flag_set/vec4 8;
    %jmp/0xz  T_20.0, 8;
    %pushi/vec4 0, 0, 1;
    %assign/vec4 v0x56187500d5e0_0, 0;
    %jmp T_20.1;
T_20.0 ;
    %load/vec4 v0x56187500d500_0;
    %assign/vec4 v0x56187500d5e0_0, 0;
T_20.1 ;
    %jmp T_20;
    .thread T_20;
    .scope S_0x56187500d870;
T_21 ;
    %wait E_0x561874f76d70;
    %load/vec4 v0x56187500dcd0_0;
    %flag_set/vec4 8;
    %jmp/0xz  T_21.0, 8;
    %pushi/vec4 0, 0, 1;
    %assign/vec4 v0x56187500db40_0, 0;
    %jmp T_21.1;
T_21.0 ;
    %load/vec4 v0x56187500da60_0;
    %assign/vec4 v0x56187500db40_0, 0;
T_21.1 ;
    %jmp T_21;
    .thread T_21;
    .scope S_0x56187500de00;
T_22 ;
    %wait E_0x561874f76d70;
    %load/vec4 v0x56187500e260_0;
    %flag_set/vec4 8;
    %jmp/0xz  T_22.0, 8;
    %pushi/vec4 0, 0, 1;
    %assign/vec4 v0x56187500e0d0_0, 0;
    %jmp T_22.1;
T_22.0 ;
    %load/vec4 v0x56187500dff0_0;
    %assign/vec4 v0x56187500e0d0_0, 0;
T_22.1 ;
    %jmp T_22;
    .thread T_22;
    .scope S_0x56187500e390;
T_23 ;
    %wait E_0x561874f76d70;
    %load/vec4 v0x56187500e840_0;
    %flag_set/vec4 8;
    %jmp/0xz  T_23.0, 8;
    %pushi/vec4 0, 0, 1;
    %assign/vec4 v0x56187500e6b0_0, 0;
    %jmp T_23.1;
T_23.0 ;
    %load/vec4 v0x56187500e5d0_0;
    %assign/vec4 v0x56187500e6b0_0, 0;
T_23.1 ;
    %jmp T_23;
    .thread T_23;
    .scope S_0x56187500ef10;
T_24 ;
    %wait E_0x561874fab7d0;
    %load/vec4 v0x56187500f420_0;
    %flag_set/vec4 8;
    %jmp/0xz  T_24.0, 8;
    %pushi/vec4 0, 0, 1;
    %assign/vec4 v0x56187500f290_0, 0;
    %jmp T_24.1;
T_24.0 ;
    %load/vec4 v0x56187500f1b0_0;
    %assign/vec4 v0x56187500f290_0, 0;
T_24.1 ;
    %jmp T_24;
    .thread T_24;
    .scope S_0x56187500f590;
T_25 ;
    %wait E_0x561874fab7d0;
    %load/vec4 v0x56187500fa70_0;
    %flag_set/vec4 8;
    %jmp/0xz  T_25.0, 8;
    %pushi/vec4 0, 0, 1;
    %assign/vec4 v0x56187500f8b0_0, 0;
    %jmp T_25.1;
T_25.0 ;
    %load/vec4 v0x56187500f7f0_0;
    %assign/vec4 v0x56187500f8b0_0, 0;
T_25.1 ;
    %jmp T_25;
    .thread T_25;
    .scope S_0x56187500fb90;
T_26 ;
    %wait E_0x561874fab7d0;
    %load/vec4 v0x5618750100a0_0;
    %flag_set/vec4 8;
    %jmp/0xz  T_26.0, 8;
    %pushi/vec4 0, 0, 1;
    %assign/vec4 v0x56187500fec0_0, 0;
    %jmp T_26.1;
T_26.0 ;
    %load/vec4 v0x56187500fe00_0;
    %assign/vec4 v0x56187500fec0_0, 0;
T_26.1 ;
    %jmp T_26;
    .thread T_26;
    .scope S_0x5618750101f0;
T_27 ;
    %wait E_0x561874fab7d0;
    %load/vec4 v0x561875010670_0;
    %flag_set/vec4 8;
    %jmp/0xz  T_27.0, 8;
    %pushi/vec4 0, 0, 1;
    %assign/vec4 v0x561875010510_0, 0;
    %jmp T_27.1;
T_27.0 ;
    %load/vec4 v0x561875010430_0;
    %assign/vec4 v0x561875010510_0, 0;
T_27.1 ;
    %jmp T_27;
    .thread T_27;
    .scope S_0x5618750107a0;
T_28 ;
    %wait E_0x561874fab7d0;
    %load/vec4 v0x561875010c70_0;
    %flag_set/vec4 8;
    %jmp/0xz  T_28.0, 8;
    %pushi/vec4 0, 0, 1;
    %assign/vec4 v0x561875010b10_0, 0;
    %jmp T_28.1;
T_28.0 ;
    %load/vec4 v0x561875010a30_0;
    %assign/vec4 v0x561875010b10_0, 0;
T_28.1 ;
    %jmp T_28;
    .thread T_28;
    .scope S_0x561875010da0;
T_29 ;
    %wait E_0x561874fab7d0;
    %load/vec4 v0x561875011200_0;
    %flag_set/vec4 8;
    %jmp/0xz  T_29.0, 8;
    %pushi/vec4 0, 0, 1;
    %assign/vec4 v0x561875011070_0, 0;
    %jmp T_29.1;
T_29.0 ;
    %load/vec4 v0x561875010f90_0;
    %assign/vec4 v0x561875011070_0, 0;
T_29.1 ;
    %jmp T_29;
    .thread T_29;
    .scope S_0x561875011330;
T_30 ;
    %wait E_0x561874fab7d0;
    %load/vec4 v0x561875011790_0;
    %flag_set/vec4 8;
    %jmp/0xz  T_30.0, 8;
    %pushi/vec4 0, 0, 1;
    %assign/vec4 v0x561875011600_0, 0;
    %jmp T_30.1;
T_30.0 ;
    %load/vec4 v0x561875011520_0;
    %assign/vec4 v0x561875011600_0, 0;
T_30.1 ;
    %jmp T_30;
    .thread T_30;
    .scope S_0x5618750118c0;
T_31 ;
    %wait E_0x561874fab7d0;
    %load/vec4 v0x561875011d70_0;
    %flag_set/vec4 8;
    %jmp/0xz  T_31.0, 8;
    %pushi/vec4 0, 0, 1;
    %assign/vec4 v0x561875011be0_0, 0;
    %jmp T_31.1;
T_31.0 ;
    %load/vec4 v0x561875011b00_0;
    %assign/vec4 v0x561875011be0_0, 0;
T_31.1 ;
    %jmp T_31;
    .thread T_31;
# The file index is used to find the file name in the following table.
:file_names 3;
    "N/A";
    "<interactive>";
    "shft_reg.v";
