#! /usr/bin/vvp
:ivl_version "10.2 (stable)";
:ivl_delay_selection "TYPICAL";
:vpi_time_precision + 0;
:vpi_module "system";
:vpi_module "vhdl_sys";
:vpi_module "v2005_math";
:vpi_module "va_math";
S_0x562629ef9b30 .scope module, "test_ff" "test_ff" 2 3;
 .timescale 0 0;
v0x562629f218c0_0 .var "clk", 0 0;
v0x562629f21980_0 .var "d", 7 0;
v0x562629f21a40_0 .net "q", 7 0, L_0x562629f22300;  1 drivers
v0x562629f21b40_0 .var "res", 0 0;
S_0x562629efefd0 .scope module, "ff" "ff_8bimpl" 2 8, 3 13 0, S_0x562629ef9b30;
 .timescale 0 0;
    .port_info 0 /OUTPUT 8 "Q"
    .port_info 1 /INPUT 8 "D"
    .port_info 2 /INPUT 1 "clk"
    .port_info 3 /INPUT 1 "res"
v0x562629f21510_0 .net "D", 7 0, v0x562629f21980_0;  1 drivers
v0x562629f21610_0 .net "Q", 7 0, L_0x562629f22300;  alias, 1 drivers
v0x562629f216f0_0 .net "clk", 0 0, v0x562629f218c0_0;  1 drivers
v0x562629f21790_0 .net "res", 0 0, v0x562629f21b40_0;  1 drivers
L_0x562629f21be0 .part v0x562629f21980_0, 0, 1;
L_0x562629f21d00 .part v0x562629f21980_0, 1, 1;
L_0x562629f21da0 .part v0x562629f21980_0, 2, 1;
L_0x562629f21e70 .part v0x562629f21980_0, 3, 1;
L_0x562629f21f70 .part v0x562629f21980_0, 4, 1;
L_0x562629f22040 .part v0x562629f21980_0, 5, 1;
L_0x562629f22150 .part v0x562629f21980_0, 6, 1;
LS_0x562629f22300_0_0 .concat8 [ 1 1 1 1], v0x562629efcff0_0, v0x562629ef9770_0, v0x562629f1f530_0, v0x562629f1fb80_0;
LS_0x562629f22300_0_4 .concat8 [ 1 1 1 1], v0x562629f20180_0, v0x562629f206e0_0, v0x562629f20c70_0, v0x562629f21250_0;
L_0x562629f22300 .concat8 [ 4 4 0 0], LS_0x562629f22300_0_0, LS_0x562629f22300_0_4;
L_0x562629f22590 .part v0x562629f21980_0, 7, 1;
S_0x562629ef8c80 .scope module, "ff0" "ff_impl" 3 19, 3 1 0, S_0x562629efefd0;
 .timescale 0 0;
    .port_info 0 /OUTPUT 1 "Q"
    .port_info 1 /INPUT 1 "D"
    .port_info 2 /INPUT 1 "clk"
    .port_info 3 /INPUT 1 "res"
v0x562629ef92e0_0 .net "D", 0 0, L_0x562629f21be0;  1 drivers
v0x562629efcff0_0 .var "Q", 0 0;
v0x562629efc1d0_0 .net "clk", 0 0, v0x562629f218c0_0;  alias, 1 drivers
v0x562629efb3b0_0 .net "res", 0 0, v0x562629f21b40_0;  alias, 1 drivers
E_0x562629eecc60 .event posedge, v0x562629efc1d0_0;
S_0x562629f1ee10 .scope module, "ff1" "ff_impl" 3 20, 3 1 0, S_0x562629efefd0;
 .timescale 0 0;
    .port_info 0 /OUTPUT 1 "Q"
    .port_info 1 /INPUT 1 "D"
    .port_info 2 /INPUT 1 "clk"
    .port_info 3 /INPUT 1 "res"
v0x562629efa590_0 .net "D", 0 0, L_0x562629f21d00;  1 drivers
v0x562629ef9770_0 .var "Q", 0 0;
v0x562629ef8890_0 .net "clk", 0 0, v0x562629f218c0_0;  alias, 1 drivers
v0x562629f1f0e0_0 .net "res", 0 0, v0x562629f21b40_0;  alias, 1 drivers
S_0x562629f1f200 .scope module, "ff2" "ff_impl" 3 21, 3 1 0, S_0x562629efefd0;
 .timescale 0 0;
    .port_info 0 /OUTPUT 1 "Q"
    .port_info 1 /INPUT 1 "D"
    .port_info 2 /INPUT 1 "clk"
    .port_info 3 /INPUT 1 "res"
v0x562629f1f470_0 .net "D", 0 0, L_0x562629f21da0;  1 drivers
v0x562629f1f530_0 .var "Q", 0 0;
v0x562629f1f5f0_0 .net "clk", 0 0, v0x562629f218c0_0;  alias, 1 drivers
v0x562629f1f710_0 .net "res", 0 0, v0x562629f21b40_0;  alias, 1 drivers
S_0x562629f1f860 .scope module, "ff3" "ff_impl" 3 22, 3 1 0, S_0x562629efefd0;
 .timescale 0 0;
    .port_info 0 /OUTPUT 1 "Q"
    .port_info 1 /INPUT 1 "D"
    .port_info 2 /INPUT 1 "clk"
    .port_info 3 /INPUT 1 "res"
v0x562629f1faa0_0 .net "D", 0 0, L_0x562629f21e70;  1 drivers
v0x562629f1fb80_0 .var "Q", 0 0;
v0x562629f1fc40_0 .net "clk", 0 0, v0x562629f218c0_0;  alias, 1 drivers
v0x562629f1fce0_0 .net "res", 0 0, v0x562629f21b40_0;  alias, 1 drivers
S_0x562629f1fe10 .scope module, "ff4" "ff_impl" 3 23, 3 1 0, S_0x562629efefd0;
 .timescale 0 0;
    .port_info 0 /OUTPUT 1 "Q"
    .port_info 1 /INPUT 1 "D"
    .port_info 2 /INPUT 1 "clk"
    .port_info 3 /INPUT 1 "res"
v0x562629f200a0_0 .net "D", 0 0, L_0x562629f21f70;  1 drivers
v0x562629f20180_0 .var "Q", 0 0;
v0x562629f20240_0 .net "clk", 0 0, v0x562629f218c0_0;  alias, 1 drivers
v0x562629f202e0_0 .net "res", 0 0, v0x562629f21b40_0;  alias, 1 drivers
S_0x562629f20410 .scope module, "ff5" "ff_impl" 3 24, 3 1 0, S_0x562629efefd0;
 .timescale 0 0;
    .port_info 0 /OUTPUT 1 "Q"
    .port_info 1 /INPUT 1 "D"
    .port_info 2 /INPUT 1 "clk"
    .port_info 3 /INPUT 1 "res"
v0x562629f20600_0 .net "D", 0 0, L_0x562629f22040;  1 drivers
v0x562629f206e0_0 .var "Q", 0 0;
v0x562629f207a0_0 .net "clk", 0 0, v0x562629f218c0_0;  alias, 1 drivers
v0x562629f20870_0 .net "res", 0 0, v0x562629f21b40_0;  alias, 1 drivers
S_0x562629f209a0 .scope module, "ff6" "ff_impl" 3 25, 3 1 0, S_0x562629efefd0;
 .timescale 0 0;
    .port_info 0 /OUTPUT 1 "Q"
    .port_info 1 /INPUT 1 "D"
    .port_info 2 /INPUT 1 "clk"
    .port_info 3 /INPUT 1 "res"
v0x562629f20b90_0 .net "D", 0 0, L_0x562629f22150;  1 drivers
v0x562629f20c70_0 .var "Q", 0 0;
v0x562629f20d30_0 .net "clk", 0 0, v0x562629f218c0_0;  alias, 1 drivers
v0x562629f20e00_0 .net "res", 0 0, v0x562629f21b40_0;  alias, 1 drivers
S_0x562629f20f30 .scope module, "ff7" "ff_impl" 3 26, 3 1 0, S_0x562629efefd0;
 .timescale 0 0;
    .port_info 0 /OUTPUT 1 "Q"
    .port_info 1 /INPUT 1 "D"
    .port_info 2 /INPUT 1 "clk"
    .port_info 3 /INPUT 1 "res"
v0x562629f21170_0 .net "D", 0 0, L_0x562629f22590;  1 drivers
v0x562629f21250_0 .var "Q", 0 0;
v0x562629f21310_0 .net "clk", 0 0, v0x562629f218c0_0;  alias, 1 drivers
v0x562629f213e0_0 .net "res", 0 0, v0x562629f21b40_0;  alias, 1 drivers
    .scope S_0x562629ef8c80;
T_0 ;
    %wait E_0x562629eecc60;
    %load/vec4 v0x562629efb3b0_0;
    %inv;
    %flag_set/vec4 8;
    %jmp/0xz  T_0.0, 8;
    %pushi/vec4 0, 0, 1;
    %assign/vec4 v0x562629efcff0_0, 0;
    %jmp T_0.1;
T_0.0 ;
    %load/vec4 v0x562629ef92e0_0;
    %assign/vec4 v0x562629efcff0_0, 0;
T_0.1 ;
    %jmp T_0;
    .thread T_0;
    .scope S_0x562629f1ee10;
T_1 ;
    %wait E_0x562629eecc60;
    %load/vec4 v0x562629f1f0e0_0;
    %inv;
    %flag_set/vec4 8;
    %jmp/0xz  T_1.0, 8;
    %pushi/vec4 0, 0, 1;
    %assign/vec4 v0x562629ef9770_0, 0;
    %jmp T_1.1;
T_1.0 ;
    %load/vec4 v0x562629efa590_0;
    %assign/vec4 v0x562629ef9770_0, 0;
T_1.1 ;
    %jmp T_1;
    .thread T_1;
    .scope S_0x562629f1f200;
T_2 ;
    %wait E_0x562629eecc60;
    %load/vec4 v0x562629f1f710_0;
    %inv;
    %flag_set/vec4 8;
    %jmp/0xz  T_2.0, 8;
    %pushi/vec4 0, 0, 1;
    %assign/vec4 v0x562629f1f530_0, 0;
    %jmp T_2.1;
T_2.0 ;
    %load/vec4 v0x562629f1f470_0;
    %assign/vec4 v0x562629f1f530_0, 0;
T_2.1 ;
    %jmp T_2;
    .thread T_2;
    .scope S_0x562629f1f860;
T_3 ;
    %wait E_0x562629eecc60;
    %load/vec4 v0x562629f1fce0_0;
    %inv;
    %flag_set/vec4 8;
    %jmp/0xz  T_3.0, 8;
    %pushi/vec4 0, 0, 1;
    %assign/vec4 v0x562629f1fb80_0, 0;
    %jmp T_3.1;
T_3.0 ;
    %load/vec4 v0x562629f1faa0_0;
    %assign/vec4 v0x562629f1fb80_0, 0;
T_3.1 ;
    %jmp T_3;
    .thread T_3;
    .scope S_0x562629f1fe10;
T_4 ;
    %wait E_0x562629eecc60;
    %load/vec4 v0x562629f202e0_0;
    %inv;
    %flag_set/vec4 8;
    %jmp/0xz  T_4.0, 8;
    %pushi/vec4 0, 0, 1;
    %assign/vec4 v0x562629f20180_0, 0;
    %jmp T_4.1;
T_4.0 ;
    %load/vec4 v0x562629f200a0_0;
    %assign/vec4 v0x562629f20180_0, 0;
T_4.1 ;
    %jmp T_4;
    .thread T_4;
    .scope S_0x562629f20410;
T_5 ;
    %wait E_0x562629eecc60;
    %load/vec4 v0x562629f20870_0;
    %inv;
    %flag_set/vec4 8;
    %jmp/0xz  T_5.0, 8;
    %pushi/vec4 0, 0, 1;
    %assign/vec4 v0x562629f206e0_0, 0;
    %jmp T_5.1;
T_5.0 ;
    %load/vec4 v0x562629f20600_0;
    %assign/vec4 v0x562629f206e0_0, 0;
T_5.1 ;
    %jmp T_5;
    .thread T_5;
    .scope S_0x562629f209a0;
T_6 ;
    %wait E_0x562629eecc60;
    %load/vec4 v0x562629f20e00_0;
    %inv;
    %flag_set/vec4 8;
    %jmp/0xz  T_6.0, 8;
    %pushi/vec4 0, 0, 1;
    %assign/vec4 v0x562629f20c70_0, 0;
    %jmp T_6.1;
T_6.0 ;
    %load/vec4 v0x562629f20b90_0;
    %assign/vec4 v0x562629f20c70_0, 0;
T_6.1 ;
    %jmp T_6;
    .thread T_6;
    .scope S_0x562629f20f30;
T_7 ;
    %wait E_0x562629eecc60;
    %load/vec4 v0x562629f213e0_0;
    %inv;
    %flag_set/vec4 8;
    %jmp/0xz  T_7.0, 8;
    %pushi/vec4 0, 0, 1;
    %assign/vec4 v0x562629f21250_0, 0;
    %jmp T_7.1;
T_7.0 ;
    %load/vec4 v0x562629f21170_0;
    %assign/vec4 v0x562629f21250_0, 0;
T_7.1 ;
    %jmp T_7;
    .thread T_7;
    .scope S_0x562629ef9b30;
T_8 ;
    %vpi_func 2 11 "$value$plusargs" 32, "D=%d", v0x562629f21980_0 {0 0 0};
    %nor/r;
    %flag_set/vec4 8;
    %jmp/0xz  T_8.0, 8;
    %pushi/vec4 0, 0, 8;
    %store/vec4 v0x562629f21980_0, 0, 8;
T_8.0 ;
    %pushi/vec4 0, 0, 1;
    %store/vec4 v0x562629f218c0_0, 0, 1;
    %delay 1, 0;
    %pushi/vec4 1, 0, 1;
    %store/vec4 v0x562629f218c0_0, 0, 1;
    %delay 1, 0;
    %vpi_call 2 16 "$display", "D =%b | Q =%b", v0x562629f21980_0, v0x562629f21a40_0 {0 0 0};
    %end;
    .thread T_8;
# The file index is used to find the file name in the following table.
:file_names 4;
    "N/A";
    "<interactive>";
    "test_ff.v";
    "./ff_impl.v";
